TN:
SF:backend/src/config/logger.js
FN:16,(anonymous_0)
FN:59,(anonymous_1)
FN:136,(anonymous_2)
FN:137,(anonymous_3)
FN:138,(anonymous_4)
FN:139,(anonymous_5)
FN:140,(anonymous_6)
FN:141,(anonymous_7)
FN:147,(anonymous_8)
FN:148,(anonymous_9)
FN:159,(anonymous_10)
FNF:11
FNH:3
FNDA:2,(anonymous_0)
FNDA:3,(anonymous_1)
FNDA:0,(anonymous_2)
FNDA:0,(anonymous_3)
FNDA:0,(anonymous_4)
FNDA:0,(anonymous_5)
FNDA:0,(anonymous_6)
FNDA:0,(anonymous_7)
FNDA:3,(anonymous_8)
FNDA:0,(anonymous_9)
FNDA:0,(anonymous_10)
DA:1,3
DA:2,3
DA:3,3
DA:6,3
DA:11,3
DA:19,2
DA:22,2
DA:23,2
DA:27,2
DA:28,0
DA:31,2
DA:34,2
DA:35,2
DA:36,2
DA:37,2
DA:39,2
DA:40,2
DA:43,2
DA:50,3
DA:59,3
DA:60,3
DA:63,3
DA:76,3
DA:88,3
DA:101,3
DA:102,3
DA:109,3
DA:115,3
DA:136,3
DA:137,0
DA:138,0
DA:139,0
DA:140,0
DA:141,0
DA:147,3
DA:148,3
DA:149,0
DA:156,0
DA:159,3
DA:160,0
DA:169,3
DA:171,3
LF:42
LH:33
BRDA:22,0,0,2
BRDA:22,0,1,0
BRDA:27,1,0,0
BRDA:27,1,1,2
BRDA:39,2,0,2
BRDA:39,2,1,0
BRDA:101,3,0,3
BRDA:101,3,1,0
BRDA:116,4,0,3
BRDA:116,4,1,3
BRDA:116,5,0,0
BRDA:116,5,1,3
BRDA:126,6,0,3
BRDA:126,6,1,0
BRDA:127,7,0,3
BRDA:127,7,1,3
BRDA:137,8,0,0
BRDA:138,9,0,0
BRDA:139,10,0,0
BRDA:140,11,0,0
BRDA:141,12,0,0
BRF:21
BRH:10
end_of_record
TN:
SF:backend/src/config/redis.js
FN:8,(anonymous_0)
FN:15,(anonymous_1)
FN:27,(anonymous_2)
FN:44,(anonymous_3)
FN:49,(anonymous_4)
FN:53,(anonymous_5)
FN:59,(anonymous_6)
FN:64,(anonymous_7)
FN:77,(anonymous_8)
FN:91,(anonymous_9)
FN:101,(anonymous_10)
FN:114,(anonymous_11)
FN:133,(anonymous_12)
FN:152,(anonymous_13)
FN:166,(anonymous_14)
FN:180,(anonymous_15)
FN:194,(anonymous_16)
FN:207,(anonymous_17)
FN:211,(anonymous_18)
FN:221,(anonymous_19)
FN:234,(anonymous_20)
FNF:21
FNH:1
FNDA:4,(anonymous_0)
FNDA:0,(anonymous_1)
FNDA:0,(anonymous_2)
FNDA:0,(anonymous_3)
FNDA:0,(anonymous_4)
FNDA:0,(anonymous_5)
FNDA:0,(anonymous_6)
FNDA:0,(anonymous_7)
FNDA:0,(anonymous_8)
FNDA:0,(anonymous_9)
FNDA:0,(anonymous_10)
FNDA:0,(anonymous_11)
FNDA:0,(anonymous_12)
FNDA:0,(anonymous_13)
FNDA:0,(anonymous_14)
FNDA:0,(anonymous_15)
FNDA:0,(anonymous_16)
FNDA:0,(anonymous_17)
FNDA:0,(anonymous_18)
FNDA:0,(anonymous_19)
FNDA:0,(anonymous_20)
DA:1,4
DA:2,4
DA:9,4
DA:10,4
DA:11,4
DA:12,4
DA:16,0
DA:17,0
DA:18,0
DA:19,0
DA:22,0
DA:24,0
DA:28,0
DA:29,0
DA:30,0
DA:32,0
DA:33,0
DA:34,0
DA:44,0
DA:45,0
DA:46,0
DA:49,0
DA:50,0
DA:53,0
DA:54,0
DA:55,0
DA:56,0
DA:59,0
DA:60,0
DA:61,0
DA:64,0
DA:65,0
DA:66,0
DA:69,0
DA:71,0
DA:72,0
DA:73,0
DA:78,0
DA:79,0
DA:80,0
DA:81,0
DA:82,0
DA:83,0
DA:86,0
DA:87,0
DA:92,0
DA:93,0
DA:95,0
DA:102,0
DA:103,0
DA:104,0
DA:106,0
DA:107,0
DA:115,0
DA:116,0
DA:117,0
DA:119,0
DA:120,0
DA:123,0
DA:125,0
DA:126,0
DA:134,0
DA:135,0
DA:136,0
DA:138,0
DA:139,0
DA:142,0
DA:144,0
DA:145,0
DA:153,0
DA:154,0
DA:155,0
DA:156,0
DA:158,0
DA:159,0
DA:167,0
DA:168,0
DA:169,0
DA:170,0
DA:172,0
DA:173,0
DA:181,0
DA:182,0
DA:183,0
DA:184,0
DA:186,0
DA:187,0
DA:195,0
DA:196,0
DA:197,0
DA:199,0
DA:200,0
DA:208,0
DA:209,0
DA:210,0
DA:211,0
DA:213,0
DA:214,0
DA:222,0
DA:223,0
DA:224,0
DA:226,0
DA:227,0
DA:235,0
DA:236,0
DA:237,0
DA:239,0
DA:240,0
DA:246,4
DA:248,4
LF:110
LH:8
BRDA:17,0,0,0
BRDA:17,0,1,0
BRDA:17,1,0,0
BRDA:17,1,1,0
BRDA:22,2,0,0
BRDA:22,2,1,0
BRDA:28,3,0,0
BRDA:28,3,1,0
BRDA:79,4,0,0
BRDA:79,4,1,0
BRDA:92,5,0,0
BRDA:92,5,1,0
BRDA:92,6,0,0
BRDA:92,6,1,0
BRDA:114,7,0,0
BRDA:119,8,0,0
BRDA:119,8,1,0
BRDA:138,9,0,0
BRDA:138,9,1,0
BRDA:211,10,0,0
BRDA:211,10,1,0
BRF:21
BRH:0
end_of_record
TN:
SF:backend/src/config/swagger.js
FNF:0
FNH:0
DA:1,1
DA:2,1
DA:4,1
DA:1175,1
DA:1177,1
DA:1200,1
LF:6
LH:6
BRDA:37,0,0,1
BRDA:37,0,1,1
BRF:2
BRH:2
end_of_record
TN:
SF:backend/src/middleware/authMiddleware.js
FN:10,(anonymous_0)
FN:17,(anonymous_1)
FN:33,(anonymous_2)
FN:52,(anonymous_3)
FN:104,(anonymous_4)
FN:132,(anonymous_5)
FN:166,(anonymous_6)
FN:258,(anonymous_7)
FN:261,(anonymous_8)
FN:300,(anonymous_9)
FNF:10
FNH:10
FNDA:8,(anonymous_0)
FNDA:5,(anonymous_1)
FNDA:19,(anonymous_2)
FNDA:40,(anonymous_3)
FNDA:3,(anonymous_4)
FNDA:5,(anonymous_5)
FNDA:33,(anonymous_6)
FNDA:29,(anonymous_7)
FNDA:5,(anonymous_8)
FNDA:4,(anonymous_9)
DA:1,4
DA:2,4
DA:3,4
DA:11,8
DA:18,5
DA:19,1
DA:20,1
DA:22,0
DA:23,0
DA:26,5
DA:34,19
DA:36,19
DA:37,9
DA:40,10
DA:41,4
DA:44,6
DA:53,40
DA:54,2
DA:57,38
DA:58,38
DA:59,12
DA:63,26
DA:87,26
DA:88,26
DA:89,25
DA:94,25
DA:97,1
DA:105,3
DA:106,3
DA:108,0
DA:114,0
DA:123,3
DA:124,3
DA:125,3
DA:133,5
DA:134,5
DA:135,5
DA:137,2
DA:142,2
DA:144,3
DA:147,3
DA:148,1
DA:149,1
DA:150,2
DA:151,1
DA:152,1
DA:153,1
DA:154,0
DA:155,0
DA:157,1
DA:158,1
DA:166,8
DA:167,33
DA:169,33
DA:170,33
DA:171,23
DA:172,23
DA:176,10
DA:177,10
DA:178,7
DA:190,3
DA:192,3
DA:193,0
DA:195,3
DA:199,3
DA:201,3
DA:202,1
DA:215,1
DA:217,2
DA:220,2
DA:225,1
DA:227,1
DA:233,1
DA:235,2
DA:237,2
DA:243,2
DA:258,8
DA:259,29
DA:261,29
DA:262,5
DA:263,1
DA:272,4
DA:273,4
DA:274,1
DA:281,1
DA:292,3
DA:300,8
DA:301,4
DA:303,4
DA:304,4
DA:305,1
DA:306,1
DA:310,3
DA:311,3
DA:313,1
DA:317,2
DA:318,1
DA:327,1
DA:330,1
DA:331,1
DA:337,4
DA:339,4
LF:102
LH:95
BRDA:18,0,0,1
BRDA:18,0,1,4
BRDA:36,1,0,9
BRDA:36,1,1,10
BRDA:40,2,0,4
BRDA:40,2,1,6
BRDA:53,3,0,2
BRDA:53,3,1,38
BRDA:53,4,0,40
BRDA:53,4,1,36
BRDA:58,5,0,12
BRDA:58,5,1,26
BRDA:88,6,0,25
BRDA:88,6,1,1
BRDA:117,7,0,0
BRDA:117,7,1,0
BRDA:118,8,0,0
BRDA:118,8,1,0
BRDA:123,9,0,3
BRDA:123,9,1,0
BRDA:144,10,0,3
BRDA:144,10,1,0
BRDA:147,11,0,1
BRDA:147,11,1,2
BRDA:150,12,0,1
BRDA:150,12,1,1
BRDA:153,13,0,0
BRDA:153,13,1,1
BRDA:170,14,0,23
BRDA:170,14,1,10
BRDA:177,15,0,7
BRDA:177,15,1,3
BRDA:208,16,0,1
BRDA:208,16,1,0
BRDA:235,17,0,2
BRDA:235,17,1,0
BRDA:259,18,0,1
BRDA:259,18,1,28
BRDA:262,19,0,1
BRDA:262,19,1,4
BRDA:272,20,0,4
BRDA:272,20,1,1
BRDA:273,21,0,1
BRDA:273,21,1,3
BRDA:304,22,0,1
BRDA:304,22,1,3
BRDA:311,23,0,1
BRDA:311,23,1,2
BRDA:324,24,0,1
BRDA:324,24,1,0
BRF:50
BRH:40
end_of_record
TN:
SF:backend/src/middleware/featureFlagMiddleware.js
FN:8,(anonymous_0)
FN:17,(anonymous_1)
FN:33,(anonymous_2)
FN:40,(anonymous_3)
FN:90,(anonymous_4)
FN:98,(anonymous_5)
FN:149,(anonymous_6)
FN:150,(anonymous_7)
FN:177,(anonymous_8)
FN:214,(anonymous_9)
FN:228,getFeatureFlagMiddleware
FN:241,requireFeature
FN:252,requireFeatures
FN:262,checkFeatures
FNF:14
FNH:14
FNDA:21,(anonymous_0)
FNDA:13,(anonymous_1)
FNDA:5,(anonymous_2)
FNDA:4,(anonymous_3)
FNDA:5,(anonymous_4)
FNDA:4,(anonymous_5)
FNDA:3,(anonymous_6)
FNDA:2,(anonymous_7)
FNDA:13,(anonymous_8)
FNDA:1,(anonymous_9)
FNDA:5,getFeatureFlagMiddleware
FNDA:1,requireFeature
FNDA:1,requireFeatures
FNDA:1,checkFeatures
DA:1,1
DA:9,21
DA:10,21
DA:11,21
DA:18,13
DA:19,12
DA:20,12
DA:38,5
DA:40,5
DA:41,4
DA:43,4
DA:46,4
DA:49,4
DA:51,3
DA:52,2
DA:60,1
DA:61,1
DA:63,1
DA:65,1
DA:67,1
DA:68,1
DA:75,0
DA:76,0
DA:77,0
DA:96,5
DA:98,5
DA:99,4
DA:100,4
DA:102,4
DA:103,4
DA:106,4
DA:107,8
DA:111,4
DA:112,4
DA:114,4
DA:115,1
DA:116,3
DA:117,1
DA:120,4
DA:121,2
DA:130,2
DA:132,2
DA:134,0
DA:135,0
DA:150,3
DA:151,2
DA:152,2
DA:154,2
DA:155,2
DA:157,2
DA:158,3
DA:161,1
DA:162,1
DA:164,1
DA:166,1
DA:167,1
DA:178,13
DA:187,13
DA:188,1
DA:189,1
DA:192,1
DA:193,1
DA:194,1
DA:199,13
DA:200,1
DA:203,13
DA:204,1
DA:207,13
DA:215,1
DA:220,1
DA:229,5
DA:230,1
DA:232,5
DA:242,1
DA:243,1
DA:253,1
DA:254,1
DA:263,1
DA:264,1
DA:267,1
LF:80
LH:75
BRDA:8,0,0,0
BRDA:8,1,0,0
BRDA:18,2,0,12
BRDA:18,2,1,1
BRDA:33,3,0,3
BRDA:35,4,0,5
BRDA:36,5,0,4
BRDA:37,6,0,4
BRDA:51,7,0,2
BRDA:51,7,1,1
BRDA:51,8,0,3
BRDA:51,8,1,3
BRDA:60,9,0,1
BRDA:60,9,1,0
BRDA:67,10,0,1
BRDA:67,10,1,0
BRDA:75,11,0,0
BRDA:75,11,1,0
BRDA:90,12,0,0
BRDA:92,13,0,3
BRDA:93,14,0,3
BRDA:94,15,0,5
BRDA:95,16,0,5
BRDA:114,17,0,1
BRDA:114,17,1,3
BRDA:114,18,0,4
BRDA:114,18,1,2
BRDA:116,19,0,1
BRDA:116,19,1,2
BRDA:116,20,0,3
BRDA:116,20,1,2
BRDA:120,21,0,2
BRDA:120,21,1,2
BRDA:166,22,0,1
BRDA:166,22,1,0
BRDA:181,23,0,13
BRDA:181,23,1,0
BRDA:183,24,0,13
BRDA:183,24,1,0
BRDA:187,25,0,1
BRDA:187,25,1,12
BRDA:192,26,0,1
BRDA:192,26,1,0
BRDA:193,27,0,1
BRDA:193,27,1,0
BRDA:199,28,0,1
BRDA:199,28,1,12
BRDA:203,29,0,1
BRDA:203,29,1,12
BRDA:228,30,0,3
BRDA:228,31,0,3
BRDA:229,32,0,1
BRDA:229,32,1,4
BRDA:241,33,0,1
BRDA:252,34,0,1
BRF:55
BRH:43
end_of_record
TN:
SF:backend/src/middleware/performanceMonitor.js
FN:11,(anonymous_0)
FN:36,(anonymous_1)
FN:47,(anonymous_2)
FN:54,(anonymous_3)
FN:55,(anonymous_4)
FN:102,(anonymous_5)
FN:119,(anonymous_6)
FN:143,(anonymous_7)
FN:166,(anonymous_8)
FN:168,(anonymous_9)
FN:186,(anonymous_10)
FN:203,(anonymous_11)
FN:216,(anonymous_12)
FN:220,(anonymous_13)
FN:244,(anonymous_14)
FN:263,(anonymous_15)
FN:280,(anonymous_16)
FN:284,(anonymous_17)
FNF:18
FNH:14
FNDA:1,(anonymous_0)
FNDA:0,(anonymous_1)
FNDA:2,(anonymous_2)
FNDA:16,(anonymous_3)
FNDA:80,(anonymous_4)
FNDA:9,(anonymous_5)
FNDA:12,(anonymous_6)
FNDA:12,(anonymous_7)
FNDA:11,(anonymous_8)
FNDA:6,(anonymous_9)
FNDA:16,(anonymous_10)
FNDA:0,(anonymous_11)
FNDA:4,(anonymous_12)
FNDA:2,(anonymous_13)
FNDA:2,(anonymous_14)
FNDA:1,(anonymous_15)
FNDA:0,(anonymous_16)
FNDA:0,(anonymous_17)
DA:1,1
DA:2,1
DA:3,1
DA:5,1
DA:12,1
DA:31,1
DA:32,1
DA:33,1
DA:36,1
DA:37,0
DA:41,1
DA:48,2
DA:50,2
DA:51,2
DA:52,2
DA:54,2
DA:55,16
DA:56,80
DA:58,16
DA:61,2
DA:62,2
DA:63,2
DA:66,2
DA:67,2
DA:68,2
DA:70,2
DA:78,2
DA:81,2
DA:82,0
DA:88,2
DA:89,2
DA:95,0
DA:103,9
DA:105,9
DA:106,8
DA:108,1
DA:112,9
DA:113,9
DA:114,0
DA:118,9
DA:119,12
DA:123,9
DA:124,9
DA:125,7
DA:133,9
DA:134,9
DA:135,9
DA:138,9
DA:139,0
DA:142,9
DA:143,12
DA:147,9
DA:148,1
DA:152,9
DA:153,1
DA:167,11
DA:168,6
DA:175,11
DA:187,16
DA:193,16
DA:194,16
DA:195,16
DA:197,16
DA:204,0
DA:205,0
DA:211,1
DA:216,1
DA:217,4
DA:220,4
DA:221,2
DA:224,2
DA:227,2
DA:238,4
DA:244,1
DA:245,2
DA:246,2
DA:247,1
DA:252,1
DA:253,1
DA:263,1
DA:264,1
DA:265,1
DA:266,1
DA:271,0
DA:272,0
DA:280,1
DA:281,0
DA:284,1
DA:285,0
DA:288,1
LF:90
LH:79
BRDA:81,0,0,0
BRDA:81,0,1,2
BRDA:88,1,0,2
BRDA:88,1,1,0
BRDA:105,2,0,8
BRDA:105,2,1,1
BRDA:105,3,0,9
BRDA:105,3,1,9
BRDA:113,4,0,0
BRDA:113,4,1,9
BRDA:123,5,0,9
BRDA:123,5,1,8
BRDA:124,6,0,7
BRDA:124,6,1,2
BRDA:138,7,0,0
BRDA:138,7,1,9
BRDA:147,8,0,1
BRDA:147,8,1,8
BRDA:152,9,0,1
BRDA:152,9,1,8
BRDA:204,10,0,0
BRDA:204,10,1,0
BRDA:232,11,0,2
BRDA:232,11,1,2
BRF:24
BRH:18
end_of_record
TN:
SF:backend/src/middleware/rateLimitMiddleware.js
FN:14,(anonymous_0)
FN:33,(anonymous_1)
FN:51,(anonymous_2)
FN:70,(anonymous_3)
FN:71,(anonymous_4)
FN:113,(anonymous_5)
FN:114,(anonymous_6)
FN:132,(anonymous_7)
FN:139,(anonymous_8)
FN:143,(anonymous_9)
FN:164,(anonymous_10)
FN:175,(anonymous_11)
FN:191,(anonymous_12)
FN:213,(anonymous_13)
FN:225,(anonymous_14)
FN:238,(anonymous_15)
FN:281,(anonymous_16)
FN:292,(anonymous_17)
FN:304,(anonymous_18)
FN:312,(anonymous_19)
FN:324,(anonymous_20)
FN:334,(anonymous_21)
FN:344,(anonymous_22)
FN:347,(anonymous_23)
FNF:24
FNH:16
FNDA:24,(anonymous_0)
FNDA:24,(anonymous_1)
FNDA:4,(anonymous_2)
FNDA:23,(anonymous_3)
FNDA:2,(anonymous_4)
FNDA:24,(anonymous_5)
FNDA:34,(anonymous_6)
FNDA:2,(anonymous_7)
FNDA:0,(anonymous_8)
FNDA:0,(anonymous_9)
FNDA:0,(anonymous_10)
FNDA:0,(anonymous_11)
FNDA:21,(anonymous_12)
FNDA:2,(anonymous_13)
FNDA:1,(anonymous_14)
FNDA:4,(anonymous_15)
FNDA:2,(anonymous_16)
FNDA:19,(anonymous_17)
FNDA:24,(anonymous_18)
FNDA:0,(anonymous_19)
FNDA:18,(anonymous_20)
FNDA:0,(anonymous_21)
FNDA:0,(anonymous_22)
FNDA:0,(anonymous_23)
DA:4,4
DA:5,4
DA:6,4
DA:7,4
DA:15,24
DA:16,24
DA:17,24
DA:24,24
DA:27,24
DA:34,24
DA:35,24
DA:36,0
DA:37,0
DA:38,0
DA:40,24
DA:43,0
DA:44,0
DA:53,4
DA:54,4
DA:55,4
DA:58,4
DA:64,4
DA:71,23
DA:72,2
DA:74,2
DA:75,2
DA:83,2
DA:92,2
DA:114,24
DA:116,34
DA:117,1
DA:121,33
DA:122,29
DA:126,4
DA:127,4
DA:128,0
DA:132,4
DA:140,0
DA:142,0
DA:144,0
DA:145,0
DA:151,0
DA:156,0
DA:160,0
DA:165,0
DA:166,0
DA:168,0
DA:176,0
DA:177,0
DA:179,0
DA:199,21
DA:201,21
DA:213,2
DA:219,21
DA:220,0
DA:224,21
DA:225,21
DA:226,1
DA:227,1
DA:229,1
DA:232,21
DA:239,4
DA:282,2
DA:293,19
DA:298,19
DA:306,24
DA:307,24
DA:311,0
DA:313,0
DA:314,0
DA:325,18
DA:326,0
DA:327,0
DA:335,0
DA:337,0
DA:339,0
DA:340,0
DA:342,0
DA:344,0
DA:345,0
DA:347,0
DA:348,0
DA:349,0
DA:352,0
DA:353,0
DA:356,0
DA:362,4
DA:364,4
LF:88
LH:50
BRDA:35,0,0,0
BRDA:35,0,1,24
BRDA:35,1,0,24
BRDA:35,1,1,24
BRDA:51,2,0,1
BRDA:53,3,0,4
BRDA:53,3,1,0
BRDA:54,4,0,4
BRDA:54,4,1,3
BRDA:54,4,2,3
BRDA:55,5,0,4
BRDA:55,5,1,2
BRDA:95,6,0,2
BRDA:95,6,1,0
BRDA:113,7,0,2
BRDA:116,8,0,1
BRDA:116,8,1,33
BRDA:116,9,0,34
BRDA:116,9,1,1
BRDA:121,10,0,29
BRDA:121,10,1,4
BRDA:126,11,0,4
BRDA:126,11,1,4
BRDA:127,12,0,0
BRDA:127,12,1,4
BRDA:191,13,0,1
BRDA:193,14,0,1
BRDA:194,15,0,1
BRDA:195,16,0,2
BRDA:196,17,0,5
BRDA:197,18,0,21
BRDA:198,19,0,5
BRDA:219,20,0,0
BRDA:219,20,1,21
BRDA:226,21,0,1
BRDA:226,21,1,0
BRDA:306,22,0,24
BRDA:306,22,1,0
BRDA:313,23,0,0
BRDA:313,23,1,0
BRDA:325,24,0,0
BRDA:325,24,1,18
BRDA:335,25,0,0
BRDA:335,25,1,0
BRDA:340,26,0,0
BRDA:340,26,1,0
BRDA:348,27,0,0
BRDA:348,27,1,0
BRF:48
BRH:32
end_of_record
TN:
SF:backend/src/middleware/security.js
FN:30,(anonymous_0)
FN:57,(anonymous_1)
FN:66,(anonymous_2)
FN:102,(anonymous_3)
FN:131,(anonymous_4)
FN:133,(anonymous_5)
FN:139,(anonymous_6)
FN:141,(anonymous_7)
FN:146,(anonymous_8)
FNF:9
FNH:4
FNDA:39,(anonymous_0)
FNDA:9,(anonymous_1)
FNDA:0,(anonymous_2)
FNDA:0,(anonymous_3)
FNDA:0,(anonymous_4)
FNDA:0,(anonymous_5)
FNDA:38,(anonymous_6)
FNDA:114,(anonymous_7)
FNDA:0,(anonymous_8)
DA:1,3
DA:2,3
DA:3,3
DA:4,3
DA:9,3
DA:29,3
DA:31,39
DA:40,39
DA:42,0
DA:43,0
DA:45,0
DA:57,9
DA:67,0
DA:79,3
DA:86,3
DA:93,3
DA:102,3
DA:103,0
DA:104,0
DA:105,0
DA:114,0
DA:120,3
DA:131,0
DA:133,0
DA:139,3
DA:141,38
DA:142,114
DA:143,0
DA:145,114
DA:146,76
DA:147,0
DA:150,114
DA:153,38
DA:154,38
DA:155,38
DA:157,38
DA:160,3
LF:37
LH:25
BRDA:40,0,0,39
BRDA:40,0,1,0
BRDA:42,1,0,0
BRDA:42,1,1,0
BRDA:61,2,0,9
BRDA:61,2,1,0
BRDA:104,3,0,0
BRDA:104,3,1,0
BRDA:142,4,0,0
BRDA:142,4,1,114
BRDA:145,5,0,76
BRDA:145,5,1,38
BRDA:145,6,0,114
BRDA:145,6,1,76
BRF:14
BRH:7
end_of_record
TN:
SF:backend/src/middleware/securityEnhancement.js
FN:10,(anonymous_0)
FN:44,(anonymous_1)
FN:83,(anonymous_2)
FN:152,(anonymous_3)
FN:217,(anonymous_4)
FN:264,(anonymous_5)
FN:288,(anonymous_6)
FN:335,(anonymous_7)
FN:380,(anonymous_8)
FN:411,(anonymous_9)
FN:425,(anonymous_10)
FN:430,(anonymous_11)
FN:457,(anonymous_12)
FN:496,(anonymous_13)
FN:516,(anonymous_14)
FN:519,(anonymous_15)
FN:520,(anonymous_16)
FN:550,(anonymous_17)
FN:572,(anonymous_18)
FN:587,(anonymous_19)
FN:605,(anonymous_20)
FN:614,(anonymous_21)
FN:621,(anonymous_22)
FN:648,(anonymous_23)
FN:656,(anonymous_24)
FN:672,(anonymous_25)
FN:687,(anonymous_26)
FN:708,(anonymous_27)
FNF:28
FNH:13
FNDA:3,(anonymous_0)
FNDA:5,(anonymous_1)
FNDA:1,(anonymous_2)
FNDA:2,(anonymous_3)
FNDA:1,(anonymous_4)
FNDA:1,(anonymous_5)
FNDA:0,(anonymous_6)
FNDA:0,(anonymous_7)
FNDA:0,(anonymous_8)
FNDA:0,(anonymous_9)
FNDA:0,(anonymous_10)
FNDA:0,(anonymous_11)
FNDA:0,(anonymous_12)
FNDA:0,(anonymous_13)
FNDA:0,(anonymous_14)
FNDA:0,(anonymous_15)
FNDA:0,(anonymous_16)
FNDA:0,(anonymous_17)
FNDA:1,(anonymous_18)
FNDA:0,(anonymous_19)
FNDA:2,(anonymous_20)
FNDA:0,(anonymous_21)
FNDA:0,(anonymous_22)
FNDA:1,(anonymous_23)
FNDA:1,(anonymous_24)
FNDA:9,(anonymous_25)
FNDA:4,(anonymous_26)
FNDA:2,(anonymous_27)
DA:1,3
DA:2,3
DA:3,3
DA:12,3
DA:13,3
DA:14,3
DA:21,3
DA:29,3
DA:45,5
DA:46,5
DA:47,5
DA:49,5
DA:50,5
DA:54,0
DA:55,0
DA:57,0
DA:58,0
DA:61,0
DA:68,0
DA:73,0
DA:84,1
DA:85,1
DA:86,1
DA:89,1
DA:93,1
DA:96,1
DA:105,1
DA:111,1
DA:114,1
DA:120,1
DA:122,1
DA:123,0
DA:125,0
DA:132,0
DA:135,1
DA:137,0
DA:142,0
DA:153,2
DA:154,2
DA:155,2
DA:157,2
DA:158,2
DA:161,2
DA:170,2
DA:171,2
DA:172,2
DA:175,2
DA:184,2
DA:186,2
DA:188,2
DA:189,0
DA:196,2
DA:202,0
DA:207,0
DA:218,1
DA:219,1
DA:220,1
DA:222,1
DA:232,1
DA:235,1
DA:240,1
DA:243,1
DA:251,0
DA:265,1
DA:266,1
DA:267,1
DA:270,1
DA:272,1
DA:274,0
DA:289,0
DA:290,0
DA:291,0
DA:294,0
DA:295,0
DA:296,0
DA:297,0
DA:301,0
DA:304,0
DA:310,0
DA:317,0
DA:319,0
DA:325,0
DA:336,0
DA:337,0
DA:338,0
DA:340,0
DA:349,0
DA:352,0
DA:358,0
DA:364,0
DA:366,0
DA:371,0
DA:381,0
DA:382,0
DA:383,0
DA:385,0
DA:386,0
DA:389,0
DA:397,0
DA:401,0
DA:412,0
DA:413,0
DA:414,0
DA:416,0
DA:417,0
DA:420,0
DA:421,0
DA:424,0
DA:425,0
DA:429,0
DA:430,0
DA:434,0
DA:436,0
DA:444,0
DA:448,0
DA:458,0
DA:459,0
DA:465,0
DA:474,0
DA:478,0
DA:497,0
DA:498,0
DA:499,0
DA:502,0
DA:503,0
DA:504,0
DA:508,0
DA:509,0
DA:510,0
DA:514,0
DA:515,0
DA:516,0
DA:519,0
DA:520,0
DA:522,0
DA:523,0
DA:525,0
DA:526,0
DA:530,0
DA:531,0
DA:532,0
DA:533,0
DA:534,0
DA:535,0
DA:538,0
DA:551,0
DA:552,0
DA:559,0
DA:561,0
DA:574,1
DA:575,3
DA:576,0
DA:585,1
DA:586,1
DA:587,0
DA:590,1
DA:591,0
DA:598,1
DA:606,2
DA:607,2
DA:609,2
DA:610,2
DA:614,0
DA:615,0
DA:616,0
DA:617,0
DA:621,0
DA:622,0
DA:623,0
DA:624,0
DA:628,0
DA:629,0
DA:630,0
DA:631,0
DA:635,0
DA:636,0
DA:637,0
DA:638,0
DA:641,0
DA:649,1
DA:657,1
DA:665,1
DA:673,9
DA:674,9
DA:675,9
DA:677,0
DA:679,0
DA:680,0
DA:688,4
DA:689,4
DA:690,4
DA:693,0
DA:694,0
DA:696,0
DA:698,0
DA:700,0
DA:701,0
DA:709,2
DA:710,2
DA:711,2
DA:713,0
DA:715,0
DA:716,0
DA:722,3
DA:724,3
LF:205
LH:76
BRDA:49,0,0,5
BRDA:49,0,1,0
BRDA:55,1,0,0
BRDA:55,1,1,0
BRDA:55,2,0,0
BRDA:55,2,1,0
BRDA:63,3,0,0
BRDA:63,3,1,0
BRDA:64,4,0,0
BRDA:64,4,1,0
BRDA:65,5,0,0
BRDA:65,5,1,0
BRDA:83,6,0,0
BRDA:89,7,0,1
BRDA:89,7,1,1
BRDA:101,8,0,1
BRDA:101,8,1,0
BRDA:107,9,0,1
BRDA:107,9,1,0
BRDA:122,10,0,0
BRDA:122,10,1,1
BRDA:152,11,0,0
BRDA:155,12,0,2
BRDA:155,12,1,2
BRDA:188,13,0,0
BRDA:188,13,1,2
BRDA:217,14,0,0
BRDA:232,15,0,1
BRDA:232,15,1,1
BRDA:288,16,0,0
BRDA:288,17,0,0
BRDA:295,18,0,0
BRDA:295,18,1,0
BRDA:335,19,0,0
BRDA:335,20,0,0
BRDA:338,21,0,0
BRDA:338,21,1,0
BRDA:385,22,0,0
BRDA:385,22,1,0
BRDA:391,23,0,0
BRDA:391,23,1,0
BRDA:392,24,0,0
BRDA:392,24,1,0
BRDA:393,25,0,0
BRDA:393,25,1,0
BRDA:411,26,0,0
BRDA:416,27,0,0
BRDA:416,27,1,0
BRDA:420,28,0,0
BRDA:420,29,0,0
BRDA:420,30,0,0
BRDA:421,31,0,0
BRDA:421,31,1,0
BRDA:424,32,0,0
BRDA:424,32,1,0
BRDA:429,33,0,0
BRDA:429,33,1,0
BRDA:440,34,0,0
BRDA:440,34,1,0
BRDA:502,35,0,0
BRDA:502,35,1,0
BRDA:508,36,0,0
BRDA:508,36,1,0
BRDA:508,37,0,0
BRDA:508,37,1,0
BRDA:514,38,0,0
BRDA:514,38,1,0
BRDA:514,39,0,0
BRDA:514,39,1,0
BRDA:525,40,0,0
BRDA:525,40,1,0
BRDA:526,41,0,0
BRDA:526,41,1,0
BRDA:530,42,0,0
BRDA:530,42,1,0
BRDA:532,43,0,0
BRDA:532,43,1,0
BRDA:534,44,0,0
BRDA:534,44,1,0
BRDA:572,45,0,0
BRDA:575,46,0,0
BRDA:575,46,1,3
BRDA:590,47,0,0
BRDA:590,47,1,1
BRDA:605,48,0,0
BRDA:609,49,0,2
BRDA:609,49,1,0
BRDA:615,50,0,0
BRDA:615,50,1,0
BRDA:615,51,0,0
BRDA:615,51,1,0
BRDA:622,52,0,0
BRDA:622,52,1,0
BRDA:622,53,0,0
BRDA:622,53,1,0
BRDA:629,54,0,0
BRDA:629,54,1,0
BRDA:629,55,0,0
BRDA:629,55,1,0
BRDA:636,56,0,0
BRDA:636,56,1,0
BRDA:636,57,0,0
BRDA:636,57,1,0
BRDA:665,58,0,1
BRDA:665,58,1,0
BRDA:674,59,0,9
BRDA:674,59,1,0
BRDA:687,60,0,0
BRDA:689,61,0,4
BRDA:689,61,1,0
BRDA:693,62,0,0
BRDA:693,62,1,0
BRDA:710,63,0,2
BRDA:710,63,1,0
BRF:114
BRH:18
end_of_record
TN:
SF:backend/src/models/User.js
FN:61,(anonymous_0)
FN:72,(anonymous_1)
FN:83,(anonymous_2)
FN:121,(anonymous_3)
FN:155,(anonymous_4)
FN:234,(anonymous_5)
FN:261,getFullName
FN:269,getIsMerchant
FN:274,getIsVerifiedMerchant
FN:280,updateLoginStats
FN:287,addProvider
FN:288,(anonymous_11)
FN:300,removeProvider
FN:301,(anonymous_13)
FN:306,softDelete
FN:314,findActiveUsers
FN:322,findByFirebaseUid
FN:330,findMerchants
FN:345,validateUser
FN:364,excludeDeleted
FN:370,logUserSave
FN:380,(anonymous_21)
FNF:22
FNH:19
FNDA:0,(anonymous_0)
FNDA:2,(anonymous_1)
FNDA:0,(anonymous_2)
FNDA:56,(anonymous_3)
FNDA:51,(anonymous_4)
FNDA:4,(anonymous_5)
FNDA:7,getFullName
FNDA:5,getIsMerchant
FNDA:5,getIsVerifiedMerchant
FNDA:2,updateLoginStats
FNDA:3,addProvider
FNDA:3,(anonymous_11)
FNDA:1,removeProvider
FNDA:2,(anonymous_13)
FNDA:1,softDelete
FNDA:1,findActiveUsers
FNDA:14,findByFirebaseUid
FNDA:2,findMerchants
FNDA:54,validateUser
FNDA:21,excludeDeleted
FNDA:51,logUserSave
FNDA:0,(anonymous_21)
DA:1,3
DA:2,3
DA:7,3
DA:41,3
DA:62,0
DA:64,0
DA:73,2
DA:75,2
DA:84,0
DA:85,0
DA:86,0
DA:87,0
DA:103,3
DA:122,56
DA:155,51
DA:237,4
DA:239,4
DA:240,4
DA:248,3
DA:249,3
DA:256,3
DA:257,3
DA:261,3
DA:262,7
DA:263,5
DA:265,2
DA:269,3
DA:270,5
DA:274,3
DA:275,5
DA:280,3
DA:281,2
DA:282,2
DA:283,2
DA:287,3
DA:288,3
DA:289,3
DA:290,1
DA:296,3
DA:300,3
DA:301,2
DA:302,1
DA:306,3
DA:307,1
DA:308,1
DA:309,1
DA:314,3
DA:315,1
DA:322,3
DA:323,14
DA:330,3
DA:331,2
DA:336,2
DA:337,1
DA:340,2
DA:345,3
DA:347,54
DA:350,54
DA:351,1
DA:355,53
DA:356,0
DA:359,53
DA:364,3
DA:365,21
DA:370,3
DA:371,51
DA:372,0
DA:380,3
DA:381,0
DA:382,0
DA:389,3
DA:391,3
LF:72
LH:62
BRDA:62,0,0,0
BRDA:62,0,1,0
BRDA:73,1,0,0
BRDA:73,1,1,2
BRDA:84,2,0,0
BRDA:84,2,1,0
BRDA:87,3,0,0
BRDA:87,3,1,0
BRDA:262,4,0,5
BRDA:262,4,1,2
BRDA:262,5,0,7
BRDA:262,5,1,5
BRDA:265,6,0,2
BRDA:265,6,1,1
BRDA:275,7,0,5
BRDA:275,7,1,2
BRDA:287,8,0,2
BRDA:289,9,0,1
BRDA:289,9,1,2
BRDA:330,10,0,1
BRDA:336,11,0,1
BRDA:336,11,1,1
BRDA:350,12,0,1
BRDA:350,12,1,53
BRDA:350,13,0,54
BRDA:350,13,1,7
BRDA:355,14,0,0
BRDA:355,14,1,53
BRDA:371,15,0,0
BRDA:371,15,1,51
BRDA:381,16,0,0
BRDA:381,16,1,0
BRF:32
BRH:21
end_of_record
TN:
SF:backend/src/routes/auth.js
FN:25,(anonymous_0)
FN:44,(anonymous_1)
FN:294,(anonymous_2)
FN:412,(anonymous_3)
FN:460,(anonymous_4)
FN:526,(anonymous_5)
FN:644,(anonymous_6)
FN:815,(anonymous_7)
FN:899,(anonymous_8)
FN:1101,(anonymous_9)
FN:1177,(anonymous_10)
FN:1255,(anonymous_11)
FN:1332,(anonymous_12)
FN:1337,(anonymous_13)
FN:1417,(anonymous_14)
FN:1537,(anonymous_15)
FN:1644,(anonymous_16)
FN:1782,(anonymous_17)
FN:1870,(anonymous_18)
FN:1981,(anonymous_19)
FN:2111,(anonymous_20)
FN:2194,(anonymous_21)
FN:2277,(anonymous_22)
FN:2447,(anonymous_23)
FN:2528,(anonymous_24)
FN:2657,(anonymous_25)
FN:2698,(anonymous_26)
FN:2796,(anonymous_27)
FN:3091,(anonymous_28)
FN:3207,(anonymous_29)
FN:3257,(anonymous_30)
FN:3354,(anonymous_31)
FN:3451,(anonymous_32)
FN:3566,(anonymous_33)
FN:3658,(anonymous_34)
FN:3852,(anonymous_35)
FN:4000,(anonymous_36)
FNF:37
FNH:14
FNDA:18,(anonymous_0)
FNDA:18,(anonymous_1)
FNDA:6,(anonymous_2)
FNDA:0,(anonymous_3)
FNDA:2,(anonymous_4)
FNDA:3,(anonymous_5)
FNDA:4,(anonymous_6)
FNDA:1,(anonymous_7)
FNDA:1,(anonymous_8)
FNDA:2,(anonymous_9)
FNDA:1,(anonymous_10)
FNDA:0,(anonymous_11)
FNDA:1,(anonymous_12)
FNDA:1,(anonymous_13)
FNDA:2,(anonymous_14)
FNDA:1,(anonymous_15)
FNDA:0,(anonymous_16)
FNDA:0,(anonymous_17)
FNDA:0,(anonymous_18)
FNDA:0,(anonymous_19)
FNDA:0,(anonymous_20)
FNDA:0,(anonymous_21)
FNDA:0,(anonymous_22)
FNDA:0,(anonymous_23)
FNDA:0,(anonymous_24)
FNDA:0,(anonymous_25)
FNDA:0,(anonymous_26)
FNDA:0,(anonymous_27)
FNDA:0,(anonymous_28)
FNDA:0,(anonymous_29)
FNDA:0,(anonymous_30)
FNDA:0,(anonymous_31)
FNDA:0,(anonymous_32)
FNDA:0,(anonymous_33)
FNDA:0,(anonymous_34)
FNDA:0,(anonymous_35)
FNDA:0,(anonymous_36)
DA:1,3
DA:2,3
DA:3,3
DA:4,3
DA:5,3
DA:6,3
DA:7,3
DA:8,3
DA:9,3
DA:11,3
DA:14,3
DA:17,3
DA:20,3
DA:21,3
DA:22,3
DA:25,3
DA:27,18
DA:28,18
DA:29,18
DA:33,18
DA:39,18
DA:40,18
DA:44,3
DA:45,18
DA:51,18
DA:288,3
DA:295,6
DA:305,6
DA:308,6
DA:309,2
DA:319,4
DA:323,4
DA:324,1
DA:334,3
DA:335,1
DA:345,2
DA:348,2
DA:365,2
DA:366,1
DA:370,2
DA:371,2
DA:377,2
DA:378,0
DA:384,2
DA:385,2
DA:387,2
DA:393,2
DA:401,0
DA:406,0
DA:407,0
DA:412,0
DA:417,0
DA:460,3
DA:461,2
DA:462,2
DA:464,2
DA:465,1
DA:474,1
DA:481,0
DA:486,0
DA:526,3
DA:527,3
DA:528,3
DA:529,3
DA:531,3
DA:532,1
DA:541,2
DA:542,1
DA:552,1
DA:558,1
DA:565,1
DA:571,1
DA:580,0
DA:585,0
DA:638,3
DA:645,4
DA:646,4
DA:647,4
DA:650,4
DA:651,4
DA:652,0
DA:660,0
DA:669,0
DA:680,4
DA:682,4
DA:684,1
DA:689,1
DA:699,3
DA:700,1
DA:709,2
DA:710,1
DA:720,1
DA:725,1
DA:726,0
DA:734,0
DA:736,0
DA:745,1
DA:748,1
DA:751,1
DA:752,1
DA:755,1
DA:763,1
DA:771,0
DA:776,0
DA:815,3
DA:816,1
DA:817,1
DA:825,1
DA:830,0
DA:835,0
DA:893,3
DA:900,1
DA:901,1
DA:903,1
DA:904,0
DA:914,1
DA:915,1
DA:916,0
DA:922,0
DA:933,1
DA:938,1
DA:939,0
DA:947,0
DA:958,0
DA:971,1
DA:972,1
DA:973,0
DA:974,0
DA:975,0
DA:977,0
DA:982,0
DA:995,1
DA:996,1
DA:1005,1
DA:1015,1
DA:1022,1
DA:1028,0
DA:1033,0
DA:1096,3
DA:1102,2
DA:1103,2
DA:1105,2
DA:1106,1
DA:1116,1
DA:1122,1
DA:1124,1
DA:1129,1
DA:1135,0
DA:1139,0
DA:1177,3
DA:1178,1
DA:1179,1
DA:1182,1
DA:1184,1
DA:1185,0
DA:1194,1
DA:1196,1
DA:1201,1
DA:1206,0
DA:1211,0
DA:1255,3
DA:1256,0
DA:1257,0
DA:1259,0
DA:1265,0
DA:1273,0
DA:1278,0
DA:1332,3
DA:1333,1
DA:1334,1
DA:1337,1
DA:1351,1
DA:1361,0
DA:1366,0
DA:1411,3
DA:1418,2
DA:1419,2
DA:1421,2
DA:1422,1
DA:1432,1
DA:1433,1
DA:1434,0
DA:1443,1
DA:1444,0
DA:1454,1
DA:1455,0
DA:1464,1
DA:1466,1
DA:1472,1
DA:1480,0
DA:1486,0
DA:1531,3
DA:1538,1
DA:1539,1
DA:1541,1
DA:1543,1
DA:1545,1
DA:1554,0
DA:1556,0
DA:1562,0
DA:1571,0
DA:1576,0
DA:1638,3
DA:1645,0
DA:1646,0
DA:1648,0
DA:1649,0
DA:1658,0
DA:1661,0
DA:1666,0
DA:1669,0
DA:1670,0
DA:1680,0
DA:1687,0
DA:1701,0
DA:1707,0
DA:1782,3
DA:1783,0
DA:1784,0
DA:1785,0
DA:1787,0
DA:1793,0
DA:1798,0
DA:1865,3
DA:1871,0
DA:1872,0
DA:1874,0
DA:1875,0
DA:1884,0
DA:1885,0
DA:1887,0
DA:1888,0
DA:1897,0
DA:1903,0
DA:1914,0
DA:1920,0
DA:1976,3
DA:1982,0
DA:1983,0
DA:1985,0
DA:1986,0
DA:1996,0
DA:1997,0
DA:2006,0
DA:2007,0
DA:2014,0
DA:2015,0
DA:2024,0
DA:2031,0
DA:2044,0
DA:2050,0
DA:2106,3
DA:2112,0
DA:2113,0
DA:2114,0
DA:2116,0
DA:2122,0
DA:2123,0
DA:2132,0
DA:2138,0
DA:2144,0
DA:2150,0
DA:2189,3
DA:2195,0
DA:2196,0
DA:2198,0
DA:2200,0
DA:2201,0
DA:2210,0
DA:2216,0
DA:2222,0
DA:2228,0
DA:2272,3
DA:2278,0
DA:2279,0
DA:2281,0
DA:2282,0
DA:2291,0
DA:2293,0
DA:2298,0
DA:2308,0
DA:2314,0
DA:2447,3
DA:2448,0
DA:2449,0
DA:2452,0
DA:2454,0
DA:2460,0
DA:2469,0
DA:2474,0
DA:2522,3
DA:2529,0
DA:2530,0
DA:2531,0
DA:2534,0
DA:2535,0
DA:2545,0
DA:2546,0
DA:2547,0
DA:2558,0
DA:2559,0
DA:2560,0
DA:2570,0
DA:2573,0
DA:2582,0
DA:2583,0
DA:2590,0
DA:2596,0
DA:2602,0
DA:2657,3
DA:2658,0
DA:2659,0
DA:2662,0
DA:2665,0
DA:2694,0
DA:2698,0
DA:2701,0
DA:2707,0
DA:2717,0
DA:2722,0
DA:2790,3
DA:2797,0
DA:2798,0
DA:2799,0
DA:2802,0
DA:2803,0
DA:2806,0
DA:2807,0
DA:2809,0
DA:2810,0
DA:2812,0
DA:2813,0
DA:2814,0
DA:2816,0
DA:2817,0
DA:2818,0
DA:2820,0
DA:2821,0
DA:2822,0
DA:2825,0
DA:2826,0
DA:2829,0
DA:2833,0
DA:2836,0
DA:2837,0
DA:2838,0
DA:2839,0
DA:2843,0
DA:2844,0
DA:2845,0
DA:2846,0
DA:2850,0
DA:2851,0
DA:2852,0
DA:2856,0
DA:2870,0
DA:2879,0
DA:2885,0
DA:2891,0
DA:3091,3
DA:3092,0
DA:3093,0
DA:3096,0
DA:3097,0
DA:3098,0
DA:3108,0
DA:3119,0
DA:3124,0
DA:3129,0
DA:3139,0
DA:3144,0
DA:3201,3
DA:3208,0
DA:3209,0
DA:3210,0
DA:3213,0
DA:3215,0
DA:3216,0
DA:3217,0
DA:3221,0
DA:3222,0
DA:3223,0
DA:3227,0
DA:3228,0
DA:3231,0
DA:3232,0
DA:3242,0
DA:3243,0
DA:3244,0
DA:3254,0
DA:3255,0
DA:3257,0
DA:3258,0
DA:3259,0
DA:3264,0
DA:3270,0
DA:3281,0
DA:3287,0
DA:3293,0
DA:3303,0
DA:3308,0
DA:3354,3
DA:3355,0
DA:3356,0
DA:3358,0
DA:3359,0
DA:3360,0
DA:3370,0
DA:3390,0
DA:3395,0
DA:3405,0
DA:3410,0
DA:3445,3
DA:3452,0
DA:3453,0
DA:3454,0
DA:3456,0
DA:3457,0
DA:3458,0
DA:3468,0
DA:3469,0
DA:3475,0
DA:3486,0
DA:3491,0
DA:3496,0
DA:3505,0
DA:3510,0
DA:3561,3
DA:3567,0
DA:3569,0
DA:3593,0
DA:3597,0
DA:3608,0
DA:3613,0
DA:3651,3
DA:3659,0
DA:3660,0
DA:3661,0
DA:3664,0
DA:3666,0
DA:3667,0
DA:3668,0
DA:3672,0
DA:3674,0
DA:3675,0
DA:3679,0
DA:3680,0
DA:3681,0
DA:3685,0
DA:3687,0
DA:3691,0
DA:3695,0
DA:3696,0
DA:3720,0
DA:3726,0
DA:3732,0
DA:3742,0
DA:3747,0
DA:3847,3
DA:3853,0
DA:3854,0
DA:3857,0
DA:3858,0
DA:3863,0
DA:3929,0
DA:3935,0
DA:3941,0
DA:3946,0
DA:3994,3
DA:4001,0
DA:4002,0
DA:4004,0
DA:4005,0
DA:4006,0
DA:4016,0
DA:4018,0
DA:4019,0
DA:4022,0
DA:4023,0
DA:4027,0
DA:4041,0
DA:4046,0
DA:4052,0
DA:4062,0
DA:4067,0
DA:4078,3
LF:486
LH:166
BRDA:27,0,0,18
BRDA:27,0,1,18
BRDA:28,1,0,18
BRDA:28,1,1,18
BRDA:29,2,0,18
BRDA:29,2,1,0
BRDA:46,3,0,18
BRDA:46,3,1,0
BRDA:299,4,0,0
BRDA:308,5,0,2
BRDA:308,5,1,4
BRDA:308,6,0,6
BRDA:308,6,1,5
BRDA:323,7,0,1
BRDA:323,7,1,3
BRDA:334,8,0,1
BRDA:334,8,1,2
BRDA:334,9,0,3
BRDA:334,9,1,2
BRDA:334,9,2,1
BRDA:351,10,0,2
BRDA:351,10,1,0
BRDA:353,11,0,2
BRDA:353,11,1,0
BRDA:354,12,0,2
BRDA:354,12,1,2
BRDA:357,13,0,2
BRDA:357,13,1,2
BRDA:365,14,0,1
BRDA:365,14,1,1
BRDA:365,15,0,2
BRDA:365,15,1,1
BRDA:370,16,0,2
BRDA:370,16,1,0
BRDA:377,17,0,0
BRDA:377,17,1,2
BRDA:406,18,0,0
BRDA:406,18,1,0
BRDA:464,19,0,1
BRDA:464,19,1,1
BRDA:531,20,0,1
BRDA:531,20,1,2
BRDA:541,21,0,1
BRDA:541,21,1,1
BRDA:554,22,0,1
BRDA:554,22,1,1
BRDA:576,23,0,1
BRDA:576,23,1,0
BRDA:647,24,0,4
BRDA:647,24,1,0
BRDA:651,25,0,0
BRDA:651,25,1,4
BRDA:682,26,0,1
BRDA:682,26,1,3
BRDA:699,27,0,1
BRDA:699,27,1,2
BRDA:709,28,0,1
BRDA:709,28,1,1
BRDA:722,29,0,1
BRDA:722,29,1,0
BRDA:725,30,0,0
BRDA:725,30,1,1
BRDA:734,31,0,0
BRDA:734,31,1,0
BRDA:751,32,0,1
BRDA:751,32,1,0
BRDA:759,33,0,1
BRDA:759,33,1,1
BRDA:760,34,0,1
BRDA:760,34,1,1
BRDA:903,35,0,0
BRDA:903,35,1,1
BRDA:915,36,0,0
BRDA:915,36,1,1
BRDA:938,37,0,0
BRDA:938,37,1,1
BRDA:938,38,0,1
BRDA:938,38,1,0
BRDA:972,39,0,0
BRDA:972,39,1,1
BRDA:973,40,0,0
BRDA:973,40,1,0
BRDA:974,41,0,0
BRDA:974,41,1,0
BRDA:997,42,0,1
BRDA:997,42,1,0
BRDA:1001,43,0,1
BRDA:1001,43,1,1
BRDA:1010,44,0,1
BRDA:1010,44,1,1
BRDA:1105,45,0,1
BRDA:1105,45,1,1
BRDA:1142,46,0,0
BRDA:1142,46,1,0
BRDA:1182,47,0,1
BRDA:1182,47,1,1
BRDA:1184,48,0,0
BRDA:1184,48,1,1
BRDA:1342,49,0,0
BRDA:1342,49,1,1
BRDA:1345,50,0,1
BRDA:1345,50,1,1
BRDA:1346,51,0,1
BRDA:1346,51,1,1
BRDA:1347,52,0,1
BRDA:1347,52,1,1
BRDA:1421,53,0,1
BRDA:1421,53,1,1
BRDA:1433,54,0,0
BRDA:1433,54,1,1
BRDA:1443,55,0,0
BRDA:1443,55,1,1
BRDA:1454,56,0,0
BRDA:1454,56,1,1
BRDA:1541,57,0,1
BRDA:1541,57,1,0
BRDA:1648,58,0,0
BRDA:1648,58,1,0
BRDA:1658,59,0,0
BRDA:1663,60,0,0
BRDA:1663,60,1,0
BRDA:1669,61,0,0
BRDA:1669,61,1,0
BRDA:1669,62,0,0
BRDA:1669,62,1,0
BRDA:1684,63,0,0
BRDA:1684,63,1,0
BRDA:1692,64,0,0
BRDA:1692,64,1,0
BRDA:1693,65,0,0
BRDA:1693,65,1,0
BRDA:1872,66,0,0
BRDA:1874,67,0,0
BRDA:1874,67,1,0
BRDA:1887,68,0,0
BRDA:1887,68,1,0
BRDA:1985,69,0,0
BRDA:1985,69,1,0
BRDA:1985,70,0,0
BRDA:1985,70,1,0
BRDA:1985,70,2,0
BRDA:1996,71,0,0
BRDA:1996,71,1,0
BRDA:1996,72,0,0
BRDA:1996,72,1,0
BRDA:2014,73,0,0
BRDA:2014,73,1,0
BRDA:2114,74,0,0
BRDA:2122,75,0,0
BRDA:2122,75,1,0
BRDA:2200,76,0,0
BRDA:2200,76,1,0
BRDA:2281,77,0,0
BRDA:2281,77,1,0
BRDA:2534,78,0,0
BRDA:2534,78,1,0
BRDA:2534,79,0,0
BRDA:2534,79,1,0
BRDA:2546,80,0,0
BRDA:2546,80,1,0
BRDA:2559,81,0,0
BRDA:2559,81,1,0
BRDA:2582,82,0,0
BRDA:2582,82,1,0
BRDA:2689,83,0,0
BRDA:2689,83,1,0
BRDA:2798,84,0,0
BRDA:2798,85,0,0
BRDA:2809,86,0,0
BRDA:2809,86,1,0
BRDA:2810,87,0,0
BRDA:2810,87,1,0
BRDA:2810,87,2,0
BRDA:2810,87,3,0
BRDA:2821,88,0,0
BRDA:2821,88,1,0
BRDA:2826,89,0,0
BRDA:2826,89,1,0
BRDA:2836,90,0,0
BRDA:2836,90,1,0
BRDA:2836,91,0,0
BRDA:2836,91,1,0
BRDA:2843,92,0,0
BRDA:2843,92,1,0
BRDA:2843,93,0,0
BRDA:2843,93,1,0
BRDA:2851,94,0,0
BRDA:2851,94,1,0
BRDA:2851,95,0,0
BRDA:2851,95,1,0
BRDA:3097,96,0,0
BRDA:3097,96,1,0
BRDA:3121,97,0,0
BRDA:3121,97,1,0
BRDA:3135,98,0,0
BRDA:3135,98,1,0
BRDA:3215,99,0,0
BRDA:3215,99,1,0
BRDA:3216,100,0,0
BRDA:3216,100,1,0
BRDA:3216,101,0,0
BRDA:3216,101,1,0
BRDA:3221,102,0,0
BRDA:3221,102,1,0
BRDA:3222,103,0,0
BRDA:3222,103,1,0
BRDA:3222,104,0,0
BRDA:3222,104,1,0
BRDA:3227,105,0,0
BRDA:3227,105,1,0
BRDA:3227,106,0,0
BRDA:3227,106,1,0
BRDA:3231,107,0,0
BRDA:3231,107,1,0
BRDA:3243,108,0,0
BRDA:3243,108,1,0
BRDA:3254,109,0,0
BRDA:3254,109,1,0
BRDA:3258,110,0,0
BRDA:3258,110,1,0
BRDA:3359,111,0,0
BRDA:3359,111,1,0
BRDA:3392,112,0,0
BRDA:3392,112,1,0
BRDA:3401,113,0,0
BRDA:3401,113,1,0
BRDA:3457,114,0,0
BRDA:3457,114,1,0
BRDA:3468,115,0,0
BRDA:3468,115,1,0
BRDA:3571,116,0,0
BRDA:3571,116,1,0
BRDA:3576,117,0,0
BRDA:3576,117,1,0
BRDA:3579,118,0,0
BRDA:3579,118,1,0
BRDA:3580,119,0,0
BRDA:3580,119,1,0
BRDA:3584,120,0,0
BRDA:3584,120,1,0
BRDA:3585,121,0,0
BRDA:3585,121,1,0
BRDA:3666,122,0,0
BRDA:3666,122,1,0
BRDA:3668,123,0,0
BRDA:3668,123,1,0
BRDA:3669,124,0,0
BRDA:3669,124,1,0
BRDA:3669,124,2,0
BRDA:3674,125,0,0
BRDA:3674,125,1,0
BRDA:3674,126,0,0
BRDA:3674,126,1,0
BRDA:3674,126,2,0
BRDA:3679,127,0,0
BRDA:3679,127,1,0
BRDA:3681,128,0,0
BRDA:3681,128,1,0
BRDA:3682,129,0,0
BRDA:3682,129,1,0
BRDA:3682,129,2,0
BRDA:3687,130,0,0
BRDA:3687,130,1,0
BRDA:3688,131,0,0
BRDA:3688,131,1,0
BRDA:3688,131,2,0
BRDA:3695,132,0,0
BRDA:3695,132,1,0
BRDA:3854,133,0,0
BRDA:3857,134,0,0
BRDA:3857,134,1,0
BRDA:3858,135,0,0
BRDA:3858,135,1,0
BRDA:4005,136,0,0
BRDA:4005,136,1,0
BRDA:4018,137,0,0
BRDA:4018,137,1,0
BRDA:4022,138,0,0
BRDA:4022,138,1,0
BRF:279
BRH:81
end_of_record
TN:
SF:backend/src/routes/monitoring.js
FN:280,(anonymous_0)
FN:321,(anonymous_1)
FN:397,(anonymous_2)
FN:498,(anonymous_3)
FN:573,(anonymous_4)
FN:603,(anonymous_5)
FN:625,(anonymous_6)
FN:690,(anonymous_7)
FN:783,(anonymous_8)
FN:908,(anonymous_9)
FN:977,(anonymous_10)
FN:1007,(anonymous_11)
FNF:12
FNH:2
FNDA:1,(anonymous_0)
FNDA:0,(anonymous_1)
FNDA:1,(anonymous_2)
FNDA:0,(anonymous_3)
FNDA:0,(anonymous_4)
FNDA:0,(anonymous_5)
FNDA:0,(anonymous_6)
FNDA:0,(anonymous_7)
FNDA:0,(anonymous_8)
FNDA:0,(anonymous_9)
FNDA:0,(anonymous_10)
FNDA:0,(anonymous_11)
DA:1,1
DA:5,1
DA:6,1
DA:7,1
DA:8,1
DA:10,1
DA:11,1
DA:229,1
DA:280,1
DA:281,1
DA:287,1
DA:321,1
DA:323,0
DA:324,0
DA:330,0
DA:336,0
DA:341,0
DA:397,1
DA:398,1
DA:400,1
DA:402,1
DA:415,1
DA:420,1
DA:425,0
DA:430,0
DA:498,1
DA:499,0
DA:501,0
DA:502,0
DA:505,0
DA:542,0
DA:548,0
DA:553,0
DA:559,0
DA:573,1
DA:575,0
DA:576,0
DA:582,0
DA:588,0
DA:589,0
DA:590,0
DA:591,0
DA:593,0
DA:594,0
DA:603,0
DA:604,0
DA:605,0
DA:607,0
DA:614,0
DA:619,0
DA:625,0
DA:629,0
DA:634,0
DA:690,1
DA:692,0
DA:693,0
DA:699,0
DA:705,0
DA:706,0
DA:707,0
DA:709,0
DA:715,0
DA:720,0
DA:725,0
DA:783,1
DA:785,0
DA:786,0
DA:793,0
DA:799,0
DA:800,0
DA:801,0
DA:803,0
DA:804,0
DA:810,0
DA:815,0
DA:820,0
DA:826,0
DA:908,1
DA:910,0
DA:911,0
DA:917,0
DA:923,0
DA:924,0
DA:926,0
DA:927,0
DA:933,0
DA:945,0
DA:952,0
DA:960,0
DA:965,0
DA:977,1
DA:978,0
DA:979,0
DA:981,0
DA:985,0
DA:990,0
DA:995,0
DA:1007,1
DA:1009,0
DA:1010,0
DA:1016,0
DA:1022,0
DA:1023,0
DA:1025,0
DA:1027,0
DA:1032,0
DA:1040,0
DA:1045,0
DA:1053,1
LF:109
LH:26
BRDA:323,0,0,0
BRDA:323,0,1,0
BRDA:410,1,0,1
BRDA:410,1,1,1
BRDA:411,2,0,1
BRDA:411,2,1,0
BRDA:510,3,0,0
BRDA:510,3,1,0
BRDA:511,4,0,0
BRDA:511,4,1,0
BRDA:575,5,0,0
BRDA:575,5,1,0
BRDA:593,6,0,0
BRDA:593,6,1,0
BRDA:692,7,0,0
BRDA:692,7,1,0
BRDA:706,8,0,0
BRDA:706,8,1,0
BRDA:785,9,0,0
BRDA:785,9,1,0
BRDA:803,10,0,0
BRDA:803,10,1,0
BRDA:910,11,0,0
BRDA:910,11,1,0
BRDA:924,12,0,0
BRDA:924,13,0,0
BRDA:926,14,0,0
BRDA:926,14,1,0
BRDA:1009,15,0,0
BRDA:1009,15,1,0
BRDA:1023,16,0,0
BRDA:1023,16,1,0
BRF:32
BRH:3
end_of_record
TN:
SF:backend/src/services/errorTrackingService.js
FN:9,(anonymous_0)
FN:41,(anonymous_1)
FN:90,(anonymous_2)
FN:123,(anonymous_3)
FN:134,(anonymous_4)
FN:148,(anonymous_5)
FN:164,(anonymous_6)
FN:185,(anonymous_7)
FN:223,(anonymous_8)
FN:228,(anonymous_9)
FN:231,(anonymous_10)
FN:237,(anonymous_11)
FN:243,(anonymous_12)
FN:250,(anonymous_13)
FN:252,(anonymous_14)
FN:272,(anonymous_15)
FN:273,(anonymous_16)
FN:280,(anonymous_17)
FN:284,(anonymous_18)
FN:288,(anonymous_19)
FN:295,(anonymous_20)
FN:309,(anonymous_21)
FN:318,(anonymous_22)
FNF:23
FNH:23
FNDA:32,(anonymous_0)
FNDA:22,(anonymous_1)
FNDA:24,(anonymous_2)
FNDA:27,(anonymous_3)
FNDA:24,(anonymous_4)
FNDA:24,(anonymous_5)
FNDA:24,(anonymous_6)
FNDA:12,(anonymous_7)
FNDA:3,(anonymous_8)
FNDA:12,(anonymous_9)
FNDA:8,(anonymous_10)
FNDA:8,(anonymous_11)
FNDA:8,(anonymous_12)
FNDA:4,(anonymous_13)
FNDA:6,(anonymous_14)
FNDA:2,(anonymous_15)
FNDA:1,(anonymous_16)
FNDA:2,(anonymous_17)
FNDA:4,(anonymous_18)
FNDA:4,(anonymous_19)
FNDA:2,(anonymous_20)
FNDA:9,(anonymous_21)
FNDA:2,(anonymous_22)
DA:1,1
DA:2,1
DA:10,32
DA:11,32
DA:12,32
DA:20,32
DA:21,32
DA:22,32
DA:25,32
DA:27,32
DA:42,22
DA:43,1
DA:46,21
DA:47,21
DA:50,21
DA:52,21
DA:71,21
DA:74,21
DA:77,21
DA:80,21
DA:82,21
DA:91,24
DA:92,18
DA:100,6
DA:101,5
DA:109,1
DA:125,27
DA:126,27
DA:127,27
DA:135,24
DA:138,24
DA:139,1
DA:149,24
DA:150,24
DA:152,24
DA:153,24
DA:155,24
DA:165,24
DA:166,24
DA:168,24
DA:169,24
DA:171,24
DA:172,9
DA:175,9
DA:186,12
DA:187,12
DA:199,12
DA:207,12
DA:208,4
DA:211,1
DA:224,3
DA:225,3
DA:226,3
DA:228,12
DA:231,3
DA:232,8
DA:233,8
DA:237,3
DA:238,8
DA:239,8
DA:243,3
DA:244,8
DA:245,8
DA:246,8
DA:249,3
DA:250,4
DA:252,6
DA:254,3
DA:273,2
DA:282,2
DA:284,4
DA:287,2
DA:288,2
DA:289,4
DA:290,2
DA:294,2
DA:295,2
DA:296,2
DA:299,2
DA:310,9
DA:311,9
DA:319,2
DA:330,1
LF:83
LH:83
BRDA:9,0,0,1
BRDA:11,1,0,32
BRDA:11,1,1,0
BRDA:12,2,0,32
BRDA:12,2,1,1
BRDA:22,3,0,32
BRDA:22,3,1,1
BRDA:25,4,0,32
BRDA:25,4,1,32
BRDA:41,5,0,0
BRDA:41,6,0,1
BRDA:42,7,0,1
BRDA:42,7,1,21
BRDA:91,8,0,18
BRDA:91,8,1,6
BRDA:100,9,0,5
BRDA:100,9,1,1
BRDA:123,10,0,7
BRDA:126,11,0,20
BRDA:126,11,1,7
BRDA:138,12,0,1
BRDA:138,12,1,23
BRDA:150,13,0,24
BRDA:150,13,1,23
BRDA:166,14,0,0
BRDA:166,14,1,24
BRDA:171,15,0,9
BRDA:171,15,1,15
BRDA:171,16,0,24
BRDA:171,16,1,24
BRDA:207,17,0,4
BRDA:207,17,1,8
BRDA:207,18,0,12
BRDA:207,18,1,4
BRDA:223,19,0,2
BRDA:224,20,0,3
BRDA:224,20,1,2
BRDA:232,21,0,8
BRDA:232,21,1,6
BRDA:238,22,0,8
BRDA:238,22,1,6
BRDA:245,23,0,8
BRDA:245,23,1,6
BRDA:273,24,0,2
BRDA:273,24,1,1
BRDA:280,25,0,0
BRDA:289,26,0,2
BRDA:289,26,1,2
BRF:48
BRH:44
end_of_record
TN:
SF:backend/src/services/featureFlagService.js
FN:8,(anonymous_0)
FN:19,(anonymous_1)
FN:36,(anonymous_2)
FN:98,(anonymous_3)
FN:113,(anonymous_4)
FN:159,(anonymous_5)
FN:173,(anonymous_6)
FN:196,(anonymous_7)
FN:206,(anonymous_8)
FN:232,(anonymous_9)
FN:258,(anonymous_10)
FN:277,(anonymous_11)
FN:279,(anonymous_12)
FN:289,(anonymous_13)
FN:293,(anonymous_14)
FN:294,(anonymous_15)
FN:295,(anonymous_16)
FNF:17
FNH:16
FNDA:25,(anonymous_0)
FNDA:26,(anonymous_1)
FNDA:25,(anonymous_2)
FNDA:200,(anonymous_3)
FNDA:114,(anonymous_4)
FNDA:112,(anonymous_5)
FNDA:0,(anonymous_6)
FNDA:108,(anonymous_7)
FNDA:2,(anonymous_8)
FNDA:3,(anonymous_9)
FNDA:2,(anonymous_10)
FNDA:4,(anonymous_11)
FNDA:33,(anonymous_12)
FNDA:1,(anonymous_13)
FNDA:8,(anonymous_14)
FNDA:8,(anonymous_15)
FNDA:8,(anonymous_16)
DA:1,2
DA:9,25
DA:10,25
DA:11,25
DA:12,25
DA:13,25
DA:20,26
DA:22,25
DA:24,25
DA:25,25
DA:26,25
DA:28,0
DA:29,0
DA:37,25
DA:98,25
DA:99,200
DA:114,114
DA:116,114
DA:117,114
DA:118,114
DA:119,114
DA:120,113
DA:121,103
DA:124,1
DA:130,11
DA:131,11
DA:132,1
DA:133,1
DA:137,10
DA:138,10
DA:139,10
DA:141,1
DA:146,10
DA:148,1
DA:149,1
DA:161,112
DA:162,4
DA:166,108
DA:167,108
DA:168,0
DA:172,108
DA:173,0
DA:174,0
DA:175,0
DA:180,108
DA:181,103
DA:182,103
DA:183,103
DA:184,16
DA:188,92
DA:197,108
DA:198,108
DA:207,2
DA:217,2
DA:220,2
DA:221,2
DA:224,2
DA:233,3
DA:234,3
DA:235,1
DA:238,2
DA:244,2
DA:247,2
DA:248,2
DA:251,2
DA:259,2
DA:260,1
DA:263,1
DA:266,1
DA:267,1
DA:270,1
DA:278,4
DA:279,4
DA:280,33
DA:282,4
DA:290,1
DA:291,1
DA:293,8
DA:294,8
DA:295,8
DA:301,2
LF:81
LH:75
BRDA:8,0,0,0
BRDA:8,1,0,0
BRDA:20,2,0,1
BRDA:20,2,1,25
BRDA:113,3,0,9
BRDA:117,4,0,114
BRDA:117,4,1,0
BRDA:120,5,0,103
BRDA:120,5,1,10
BRDA:131,6,0,1
BRDA:131,6,1,10
BRDA:137,7,0,10
BRDA:137,7,1,0
BRDA:161,8,0,4
BRDA:161,8,1,108
BRDA:166,9,0,108
BRDA:166,9,1,0
BRDA:167,10,0,0
BRDA:167,10,1,108
BRDA:167,11,0,108
BRDA:167,11,1,108
BRDA:172,12,0,0
BRDA:172,12,1,108
BRDA:172,13,0,108
BRDA:172,13,1,0
BRDA:174,14,0,0
BRDA:174,14,1,0
BRDA:180,15,0,103
BRDA:180,15,1,5
BRDA:181,16,0,103
BRDA:181,16,1,0
BRDA:183,17,0,16
BRDA:183,17,1,87
BRDA:208,18,0,2
BRDA:208,18,1,0
BRDA:209,19,0,2
BRDA:209,19,1,1
BRDA:210,20,0,2
BRDA:210,20,1,1
BRDA:211,21,0,2
BRDA:211,21,1,2
BRDA:212,22,0,2
BRDA:212,22,1,1
BRDA:220,23,0,2
BRDA:220,23,1,0
BRDA:234,24,0,1
BRDA:234,24,1,2
BRDA:247,25,0,2
BRDA:247,25,1,0
BRDA:259,26,0,1
BRDA:259,26,1,1
BRDA:266,27,0,1
BRDA:266,27,1,0
BRDA:295,28,0,8
BRDA:295,28,1,5
BRF:55
BRH:40
end_of_record
TN:
SF:backend/src/services/jwtService.js
FN:11,(anonymous_0)
FN:41,(anonymous_1)
FN:63,(anonymous_2)
FN:86,(anonymous_3)
FN:150,(anonymous_4)
FN:195,(anonymous_5)
FN:233,(anonymous_6)
FN:281,(anonymous_7)
FN:321,(anonymous_8)
FN:327,(anonymous_9)
FN:342,(anonymous_10)
FN:354,(anonymous_11)
FN:370,(anonymous_12)
FN:383,(anonymous_13)
FN:395,(anonymous_14)
FN:408,(anonymous_15)
FN:461,(anonymous_16)
FN:473,(anonymous_17)
FN:489,(anonymous_18)
FN:502,(anonymous_19)
FN:528,(anonymous_20)
FN:553,(anonymous_21)
FN:561,(anonymous_22)
FN:588,(anonymous_23)
FN:595,(anonymous_24)
FN:616,(anonymous_25)
FN:634,(anonymous_26)
FN:639,(anonymous_27)
FN:655,(anonymous_28)
FN:668,(anonymous_29)
FN:688,(anonymous_30)
FN:768,(anonymous_31)
FN:771,(anonymous_32)
FN:773,(anonymous_33)
FN:793,(anonymous_34)
FN:802,(anonymous_35)
FN:816,(anonymous_36)
FN:822,(anonymous_37)
FN:843,(anonymous_38)
FN:861,(anonymous_39)
FN:881,(anonymous_40)
FNF:41
FNH:30
FNDA:5,(anonymous_0)
FNDA:15,(anonymous_1)
FNDA:13,(anonymous_2)
FNDA:12,(anonymous_3)
FNDA:9,(anonymous_4)
FNDA:4,(anonymous_5)
FNDA:2,(anonymous_6)
FNDA:2,(anonymous_7)
FNDA:1,(anonymous_8)
FNDA:2,(anonymous_9)
FNDA:4,(anonymous_10)
FNDA:4,(anonymous_11)
FNDA:12,(anonymous_12)
FNDA:5,(anonymous_13)
FNDA:3,(anonymous_14)
FNDA:13,(anonymous_15)
FNDA:13,(anonymous_16)
FNDA:6,(anonymous_17)
FNDA:1,(anonymous_18)
FNDA:4,(anonymous_19)
FNDA:0,(anonymous_20)
FNDA:14,(anonymous_21)
FNDA:2,(anonymous_22)
FNDA:13,(anonymous_23)
FNDA:0,(anonymous_24)
FNDA:13,(anonymous_25)
FNDA:2,(anonymous_26)
FNDA:1,(anonymous_27)
FNDA:14,(anonymous_28)
FNDA:0,(anonymous_29)
FNDA:0,(anonymous_30)
FNDA:0,(anonymous_31)
FNDA:0,(anonymous_32)
FNDA:0,(anonymous_33)
FNDA:5,(anonymous_34)
FNDA:0,(anonymous_35)
FNDA:0,(anonymous_36)
FNDA:0,(anonymous_37)
FNDA:0,(anonymous_38)
FNDA:62,(anonymous_39)
FNDA:1,(anonymous_40)
DA:1,5
DA:2,5
DA:3,5
DA:4,5
DA:12,5
DA:13,5
DA:16,5
DA:17,5
DA:20,5
DA:21,5
DA:22,5
DA:23,5
DA:24,5
DA:27,5
DA:28,5
DA:29,5
DA:30,5
DA:33,5
DA:42,15
DA:49,15
DA:56,15
DA:64,13
DA:72,13
DA:78,13
DA:87,12
DA:88,12
DA:96,12
DA:97,12
DA:100,12
DA:101,12
DA:104,12
DA:112,12
DA:125,12
DA:133,12
DA:141,0
DA:142,0
DA:151,9
DA:153,9
DA:154,9
DA:155,5
DA:158,4
DA:159,4
DA:160,1
DA:164,3
DA:169,2
DA:170,0
DA:174,2
DA:175,1
DA:178,2
DA:180,7
DA:181,1
DA:182,6
DA:183,0
DA:184,6
DA:185,0
DA:187,6
DA:196,4
DA:197,4
DA:198,4
DA:199,0
DA:203,4
DA:204,4
DA:205,2
DA:209,2
DA:214,2
DA:215,0
DA:218,2
DA:220,2
DA:221,0
DA:222,2
DA:223,0
DA:225,2
DA:234,2
DA:235,2
DA:238,1
DA:239,1
DA:240,0
DA:244,1
DA:251,1
DA:252,1
DA:255,1
DA:260,1
DA:266,1
DA:272,1
DA:273,1
DA:282,2
DA:283,2
DA:284,2
DA:285,0
DA:289,2
DA:290,2
DA:291,2
DA:295,2
DA:296,1
DA:300,2
DA:301,1
DA:304,2
DA:310,2
DA:312,0
DA:313,0
DA:322,1
DA:324,1
DA:327,2
DA:329,1
DA:330,1
DA:332,0
DA:333,0
DA:343,4
DA:344,4
DA:346,1
DA:347,1
DA:355,4
DA:356,4
DA:362,0
DA:363,0
DA:371,12
DA:372,12
DA:373,12
DA:375,0
DA:376,0
DA:384,5
DA:385,5
DA:387,0
DA:388,0
DA:396,3
DA:397,3
DA:399,0
DA:409,13
DA:410,13
DA:411,13
DA:414,13
DA:417,13
DA:433,13
DA:436,13
DA:439,13
DA:442,13
DA:443,0
DA:446,13
DA:453,0
DA:454,0
DA:462,13
DA:463,13
DA:465,0
DA:466,0
DA:474,6
DA:475,6
DA:476,6
DA:477,4
DA:478,4
DA:479,4
DA:482,0
DA:490,1
DA:491,1
DA:495,0
DA:503,4
DA:504,4
DA:505,4
DA:507,3
DA:508,2
DA:510,3
DA:511,2
DA:515,3
DA:516,2
DA:520,3
DA:527,3
DA:529,0
DA:530,0
DA:532,0
DA:538,3
DA:545,0
DA:546,0
DA:554,14
DA:556,14
DA:557,14
DA:559,14
DA:560,1
DA:562,2
DA:563,2
DA:564,2
DA:569,0
DA:573,1
DA:576,14
DA:578,0
DA:579,0
DA:589,13
DA:590,13
DA:592,13
DA:594,0
DA:595,0
DA:598,0
DA:599,0
DA:600,0
DA:608,0
DA:617,13
DA:618,13
DA:619,13
DA:621,13
DA:622,13
DA:623,13
DA:624,13
DA:627,0
DA:635,2
DA:636,2
DA:637,2
DA:639,2
DA:641,1
DA:642,1
DA:643,1
DA:645,0
DA:648,1
DA:656,14
DA:657,14
DA:658,14
DA:660,0
DA:661,0
DA:669,0
DA:670,0
DA:671,0
DA:678,0
DA:679,0
DA:681,0
DA:689,0
DA:690,0
DA:691,0
DA:692,0
DA:695,0
DA:702,0
DA:703,0
DA:704,0
DA:705,0
DA:710,0
DA:712,0
DA:713,0
DA:718,0
DA:719,0
DA:723,0
DA:724,0
DA:729,0
DA:731,0
DA:734,0
DA:739,0
DA:740,0
DA:741,0
DA:743,0
DA:744,0
DA:745,0
DA:746,0
DA:754,0
DA:755,0
DA:758,0
DA:760,0
DA:761,0
DA:769,0
DA:770,0
DA:771,0
DA:773,0
DA:775,0
DA:777,0
DA:783,0
DA:785,0
DA:786,0
DA:795,5
DA:796,5
DA:800,0
DA:802,0
DA:803,0
DA:804,0
DA:806,0
DA:810,0
DA:817,0
DA:818,0
DA:819,0
DA:820,0
DA:821,0
DA:823,0
DA:824,0
DA:825,0
DA:826,0
DA:827,0
DA:829,0
DA:830,0
DA:831,0
DA:832,0
DA:835,0
DA:837,0
DA:838,0
DA:843,0
DA:845,0
DA:846,0
DA:849,0
DA:851,0
DA:852,0
DA:862,62
DA:864,61
DA:871,61
DA:872,61
DA:874,60
DA:875,60
DA:882,1
DA:886,5
LF:300
LH:178
BRDA:12,0,0,5
BRDA:12,0,1,0
BRDA:13,1,0,5
BRDA:13,1,1,5
BRDA:16,2,0,5
BRDA:16,2,1,5
BRDA:17,3,0,5
BRDA:17,3,1,5
BRDA:27,4,0,5
BRDA:27,4,1,5
BRDA:28,5,0,5
BRDA:28,5,1,5
BRDA:41,6,0,15
BRDA:50,7,0,15
BRDA:50,7,1,15
BRDA:86,8,0,11
BRDA:89,9,0,12
BRDA:89,9,1,0
BRDA:92,10,0,12
BRDA:92,10,1,0
BRDA:122,11,0,12
BRDA:122,11,1,11
BRDA:129,12,0,12
BRDA:129,12,1,11
BRDA:130,13,0,12
BRDA:130,13,1,11
BRDA:154,14,0,5
BRDA:154,14,1,4
BRDA:154,15,0,9
BRDA:154,15,1,4
BRDA:159,16,0,1
BRDA:159,16,1,3
BRDA:169,17,0,0
BRDA:169,17,1,2
BRDA:174,18,0,1
BRDA:174,18,1,1
BRDA:180,19,0,1
BRDA:180,19,1,6
BRDA:182,20,0,0
BRDA:182,20,1,6
BRDA:184,21,0,0
BRDA:184,21,1,6
BRDA:198,22,0,0
BRDA:198,22,1,4
BRDA:198,23,0,4
BRDA:198,23,1,4
BRDA:204,24,0,2
BRDA:204,24,1,2
BRDA:214,25,0,0
BRDA:214,25,1,2
BRDA:220,26,0,0
BRDA:220,26,1,2
BRDA:222,27,0,0
BRDA:222,27,1,2
BRDA:239,28,0,0
BRDA:239,28,1,1
BRDA:247,29,0,1
BRDA:247,29,1,0
BRDA:284,30,0,0
BRDA:284,30,1,2
BRDA:284,31,0,2
BRDA:284,31,1,2
BRDA:290,32,0,2
BRDA:290,32,1,0
BRDA:295,33,0,1
BRDA:295,33,1,1
BRDA:300,34,0,1
BRDA:300,34,1,1
BRDA:422,35,0,13
BRDA:422,35,1,13
BRDA:423,36,0,13
BRDA:423,36,1,12
BRDA:424,37,0,13
BRDA:424,37,1,13
BRDA:425,38,0,13
BRDA:425,38,1,1
BRDA:442,39,0,0
BRDA:442,39,1,13
BRDA:442,40,0,13
BRDA:442,40,1,13
BRDA:449,41,0,13
BRDA:449,41,1,13
BRDA:450,42,0,13
BRDA:450,42,1,12
BRDA:476,43,0,4
BRDA:476,43,1,2
BRDA:505,44,0,3
BRDA:505,44,1,1
BRDA:507,45,0,2
BRDA:507,45,1,1
BRDA:510,46,0,2
BRDA:510,46,1,1
BRDA:515,47,0,2
BRDA:515,47,1,1
BRDA:559,48,0,1
BRDA:559,48,1,13
BRDA:559,49,0,14
BRDA:559,49,1,14
BRDA:563,50,0,2
BRDA:563,50,1,0
BRDA:563,51,0,2
BRDA:563,51,1,2
BRDA:592,52,0,0
BRDA:592,52,1,13
BRDA:598,53,0,0
BRDA:598,53,1,0
BRDA:619,54,0,13
BRDA:619,54,1,12
BRDA:621,55,0,13
BRDA:621,55,1,0
BRDA:637,56,0,2
BRDA:637,56,1,0
BRDA:641,57,0,1
BRDA:641,57,1,0
BRDA:658,58,0,14
BRDA:658,58,1,12
BRDA:688,59,0,0
BRDA:691,60,0,0
BRDA:691,60,1,0
BRDA:702,61,0,0
BRDA:702,61,1,0
BRDA:702,62,0,0
BRDA:702,62,1,0
BRDA:703,63,0,0
BRDA:703,63,1,0
BRDA:703,64,0,0
BRDA:703,64,1,0
BRDA:710,65,0,0
BRDA:710,65,1,0
BRDA:718,66,0,0
BRDA:718,66,1,0
BRDA:718,67,0,0
BRDA:718,67,1,0
BRDA:719,68,0,0
BRDA:719,68,1,0
BRDA:720,69,0,0
BRDA:720,69,1,0
BRDA:729,70,0,0
BRDA:729,70,1,0
BRDA:743,71,0,0
BRDA:743,71,1,0
BRDA:754,72,0,0
BRDA:754,72,1,0
BRDA:795,73,0,5
BRDA:795,73,1,0
BRDA:825,74,0,0
BRDA:825,74,1,0
BRDA:825,75,0,0
BRDA:825,75,1,0
BRDA:829,76,0,0
BRDA:829,76,1,0
BRDA:845,77,0,0
BRDA:845,77,1,0
BRDA:862,78,0,1
BRDA:862,78,1,61
BRDA:872,79,0,1
BRDA:872,79,1,60
BRDA:875,80,0,60
BRDA:875,80,1,0
BRDA:881,81,0,0
BRF:160
BRH:100
end_of_record
TN:
SF:backend/src/services/messagingService.js
FN:9,(anonymous_0)
FN:18,(anonymous_1)
FN:41,(anonymous_2)
FN:57,(anonymous_3)
FN:81,(anonymous_4)
FN:88,(anonymous_5)
FN:105,(anonymous_6)
FN:224,(anonymous_7)
FN:238,(anonymous_8)
FN:286,(anonymous_9)
FN:331,(anonymous_10)
FN:429,(anonymous_11)
FN:438,(anonymous_12)
FN:474,(anonymous_13)
FN:483,(anonymous_14)
FN:519,(anonymous_15)
FN:558,(anonymous_16)
FN:631,(anonymous_17)
FN:632,(anonymous_18)
FN:638,(anonymous_19)
FN:640,(anonymous_20)
FN:643,(anonymous_21)
FN:652,(anonymous_22)
FN:659,(anonymous_23)
FNF:24
FNH:24
FNDA:49,(anonymous_0)
FNDA:28,(anonymous_1)
FNDA:28,(anonymous_2)
FNDA:22,(anonymous_3)
FNDA:14,(anonymous_4)
FNDA:1021,(anonymous_5)
FNDA:7,(anonymous_6)
FNDA:6,(anonymous_7)
FNDA:8,(anonymous_8)
FNDA:6,(anonymous_9)
FNDA:6,(anonymous_10)
FNDA:3,(anonymous_11)
FNDA:4,(anonymous_12)
FNDA:2,(anonymous_13)
FNDA:2,(anonymous_14)
FNDA:9,(anonymous_15)
FNDA:5,(anonymous_16)
FNDA:12,(anonymous_17)
FNDA:4,(anonymous_18)
FNDA:1,(anonymous_19)
FNDA:1,(anonymous_20)
FNDA:2,(anonymous_21)
FNDA:3,(anonymous_22)
FNDA:1,(anonymous_23)
DA:1,1
DA:2,1
DA:10,49
DA:11,49
DA:12,49
DA:19,28
DA:20,3
DA:23,25
DA:24,25
DA:25,24
DA:27,24
DA:28,24
DA:30,1
DA:31,1
DA:34,1
DA:42,28
DA:43,5
DA:47,23
DA:48,2
DA:51,21
DA:58,22
DA:59,2
DA:62,20
DA:63,1
DA:67,19
DA:68,1
DA:71,18
DA:72,1
DA:75,17
DA:82,14
DA:89,1021
DA:96,1021
DA:97,5
DA:98,5
DA:106,7
DA:107,7
DA:110,7
DA:111,7
DA:118,7
DA:121,7
DA:173,7
DA:176,5
DA:177,5
DA:186,5
DA:193,5
DA:199,2
DA:202,2
DA:203,2
DA:204,1
DA:205,1
DA:206,0
DA:207,1
DA:208,0
DA:211,2
DA:217,2
DA:225,6
DA:226,6
DA:229,6
DA:230,1
DA:233,5
DA:234,1
DA:238,8
DA:239,3
DA:241,3
DA:244,3
DA:280,3
DA:283,3
DA:286,6
DA:295,3
DA:296,3
DA:305,3
DA:313,3
DA:319,3
DA:320,3
DA:324,3
DA:332,6
DA:333,6
DA:341,6
DA:344,6
DA:345,1
DA:349,5
DA:350,1
DA:353,4
DA:356,4
DA:391,4
DA:394,4
DA:395,4
DA:404,4
DA:411,4
DA:417,2
DA:418,2
DA:422,2
DA:430,3
DA:431,3
DA:433,3
DA:434,2
DA:438,4
DA:440,3
DA:441,1
DA:445,2
DA:447,2
DA:454,2
DA:461,1
DA:462,1
DA:467,1
DA:475,2
DA:476,2
DA:478,2
DA:479,2
DA:483,2
DA:485,2
DA:486,1
DA:490,1
DA:492,1
DA:499,1
DA:506,1
DA:507,1
DA:512,1
DA:520,9
DA:547,9
DA:549,1
DA:552,8
DA:559,5
DA:560,5
DA:563,5
DA:572,5
DA:573,3
DA:579,2
DA:580,2
DA:583,2
DA:584,1
DA:586,1
DA:593,1
DA:601,1
DA:607,2
DA:609,1
DA:616,1
DA:618,1
DA:619,1
DA:624,1
DA:632,12
DA:639,1
DA:640,1
DA:643,2
DA:653,3
DA:661,1
DA:663,1
DA:664,2
DA:665,1
DA:669,1
DA:676,1
DA:678,1
LF:152
LH:150
BRDA:19,0,0,3
BRDA:19,0,1,25
BRDA:30,1,0,1
BRDA:30,1,1,0
BRDA:42,2,0,5
BRDA:42,2,1,23
BRDA:42,3,0,28
BRDA:42,3,1,25
BRDA:47,4,0,2
BRDA:47,4,1,21
BRDA:58,5,0,2
BRDA:58,5,1,20
BRDA:62,6,0,1
BRDA:62,6,1,19
BRDA:62,7,0,20
BRDA:62,7,1,2
BRDA:67,8,0,1
BRDA:67,8,1,18
BRDA:67,9,0,19
BRDA:67,9,1,18
BRDA:71,10,0,1
BRDA:71,10,1,17
BRDA:71,11,0,18
BRDA:71,11,1,17
BRDA:96,12,0,5
BRDA:96,12,1,1016
BRDA:105,13,0,5
BRDA:105,14,0,5
BRDA:114,15,0,6
BRDA:115,16,0,6
BRDA:116,17,0,6
BRDA:117,18,0,6
BRDA:126,19,0,7
BRDA:126,19,1,1
BRDA:128,20,0,7
BRDA:128,20,1,1
BRDA:132,21,0,7
BRDA:132,21,1,1
BRDA:134,22,0,7
BRDA:134,22,1,5
BRDA:135,23,0,7
BRDA:135,23,1,5
BRDA:136,24,0,7
BRDA:136,24,1,7
BRDA:138,25,0,7
BRDA:138,25,1,7
BRDA:143,26,0,6
BRDA:143,26,1,1
BRDA:152,27,0,7
BRDA:152,27,1,7
BRDA:153,28,0,7
BRDA:153,28,1,7
BRDA:164,29,0,7
BRDA:164,29,1,5
BRDA:166,30,0,7
BRDA:166,30,1,7
BRDA:167,31,0,7
BRDA:167,31,1,7
BRDA:199,32,0,2
BRDA:199,32,1,0
BRDA:203,33,0,1
BRDA:203,33,1,1
BRDA:205,34,0,0
BRDA:205,34,1,1
BRDA:207,35,0,0
BRDA:207,35,1,1
BRDA:214,36,0,2
BRDA:214,36,1,0
BRDA:224,37,0,6
BRDA:224,38,0,5
BRDA:229,39,0,1
BRDA:229,39,1,5
BRDA:229,40,0,6
BRDA:229,40,1,6
BRDA:233,41,0,1
BRDA:233,41,1,4
BRDA:241,42,0,3
BRDA:241,43,0,3
BRDA:241,44,0,3
BRDA:249,45,0,3
BRDA:249,45,1,0
BRDA:251,46,0,3
BRDA:251,46,1,0
BRDA:256,47,0,3
BRDA:256,47,1,2
BRDA:257,48,0,3
BRDA:257,48,1,2
BRDA:258,49,0,3
BRDA:258,49,1,3
BRDA:263,50,0,3
BRDA:263,50,1,0
BRDA:272,51,0,3
BRDA:272,51,1,3
BRDA:273,52,0,3
BRDA:273,52,1,3
BRDA:319,53,0,3
BRDA:319,53,1,0
BRDA:322,54,0,3
BRDA:322,54,1,0
BRDA:331,55,0,5
BRDA:331,56,0,3
BRDA:337,57,0,6
BRDA:338,58,0,6
BRDA:339,59,0,4
BRDA:340,60,0,6
BRDA:344,61,0,1
BRDA:344,61,1,5
BRDA:344,62,0,6
BRDA:344,62,1,5
BRDA:349,63,0,1
BRDA:349,63,1,4
BRDA:349,64,0,5
BRDA:349,64,1,3
BRDA:357,65,0,4
BRDA:357,65,1,2
BRDA:361,66,0,4
BRDA:361,66,1,0
BRDA:363,67,0,4
BRDA:363,67,1,0
BRDA:368,68,0,4
BRDA:368,68,1,2
BRDA:369,69,0,4
BRDA:369,69,1,2
BRDA:370,70,0,4
BRDA:370,70,1,4
BRDA:375,71,0,4
BRDA:375,71,1,0
BRDA:384,72,0,4
BRDA:384,72,1,4
BRDA:397,73,0,4
BRDA:397,73,1,2
BRDA:407,74,0,4
BRDA:407,74,1,2
BRDA:417,75,0,2
BRDA:417,75,1,0
BRDA:433,76,0,2
BRDA:433,76,1,1
BRDA:440,77,0,1
BRDA:440,77,1,2
BRDA:440,78,0,3
BRDA:440,78,1,2
BRDA:461,79,0,1
BRDA:461,79,1,0
BRDA:465,80,0,1
BRDA:465,80,1,0
BRDA:478,81,0,2
BRDA:478,81,1,0
BRDA:485,82,0,1
BRDA:485,82,1,1
BRDA:485,83,0,2
BRDA:485,83,1,1
BRDA:506,84,0,1
BRDA:506,84,1,0
BRDA:510,85,0,1
BRDA:510,85,1,0
BRDA:547,86,0,1
BRDA:547,86,1,8
BRDA:547,87,0,9
BRDA:547,87,1,9
BRDA:552,88,0,8
BRDA:552,88,1,1
BRDA:558,89,0,4
BRDA:558,90,0,5
BRDA:572,91,0,3
BRDA:572,91,1,2
BRDA:573,92,0,2
BRDA:573,92,1,1
BRDA:574,93,0,3
BRDA:574,93,1,2
BRDA:574,93,2,1
BRDA:583,94,0,1
BRDA:583,94,1,1
BRDA:583,95,0,2
BRDA:583,95,1,1
BRDA:607,96,0,1
BRDA:607,96,1,1
BRDA:618,97,0,1
BRDA:618,97,1,0
BRDA:632,98,0,4
BRDA:632,98,1,1
BRDA:638,99,0,0
BRDA:653,100,0,3
BRDA:653,100,1,1
BRDA:659,101,0,1
BRDA:664,102,0,1
BRDA:664,102,1,1
BRF:186
BRH:165
end_of_record
TN:
SF:backend/src/services/mfaService.js
FN:12,(anonymous_0)
FN:81,(anonymous_1)
FN:120,(anonymous_2)
FN:150,(anonymous_3)
FN:166,(anonymous_4)
FN:206,(anonymous_5)
FN:237,(anonymous_6)
FN:257,(anonymous_7)
FN:274,(anonymous_8)
FN:290,(anonymous_9)
FN:298,(anonymous_10)
FN:312,(anonymous_11)
FN:366,(anonymous_12)
FN:376,(anonymous_13)
FN:393,(anonymous_14)
FN:450,(anonymous_15)
FN:521,(anonymous_16)
FN:625,(anonymous_17)
FN:655,(anonymous_18)
FN:683,(anonymous_19)
FN:691,(anonymous_20)
FN:716,(anonymous_21)
FN:726,(anonymous_22)
FN:732,(anonymous_23)
FN:771,(anonymous_24)
FN:814,(anonymous_25)
FN:931,(anonymous_26)
FN:988,(anonymous_27)
FN:1008,(anonymous_28)
FN:1046,(anonymous_29)
FN:1054,(anonymous_30)
FN:1057,(anonymous_31)
FN:1099,(anonymous_32)
FN:1117,(anonymous_33)
FN:1143,(anonymous_34)
FN:1147,(anonymous_35)
FN:1179,(anonymous_36)
FN:1238,(anonymous_37)
FN:1284,(anonymous_38)
FN:1301,(anonymous_39)
FN:1313,(anonymous_40)
FN:1314,(anonymous_41)
FN:1338,(anonymous_42)
FN:1365,(anonymous_43)
FN:1404,(anonymous_44)
FN:1412,(anonymous_45)
FN:1417,(anonymous_46)
FN:1460,(anonymous_47)
FN:1478,(anonymous_48)
FN:1492,(anonymous_49)
FN:1518,(anonymous_50)
FN:1547,(anonymous_51)
FN:1584,(anonymous_52)
FN:1653,(anonymous_53)
FN:1694,(anonymous_54)
FN:1730,(anonymous_55)
FN:1743,(anonymous_56)
FN:1744,(anonymous_57)
FN:1780,(anonymous_58)
FNF:59
FNH:55
FNDA:117,(anonymous_0)
FNDA:4,(anonymous_1)
FNDA:2,(anonymous_2)
FNDA:5,(anonymous_3)
FNDA:2,(anonymous_4)
FNDA:4,(anonymous_5)
FNDA:2,(anonymous_6)
FNDA:7,(anonymous_7)
FNDA:4,(anonymous_8)
FNDA:11,(anonymous_9)
FNDA:2,(anonymous_10)
FNDA:3,(anonymous_11)
FNDA:3,(anonymous_12)
FNDA:3,(anonymous_13)
FNDA:6,(anonymous_14)
FNDA:4,(anonymous_15)
FNDA:7,(anonymous_16)
FNDA:3,(anonymous_17)
FNDA:2,(anonymous_18)
FNDA:2,(anonymous_19)
FNDA:2,(anonymous_20)
FNDA:3,(anonymous_21)
FNDA:2,(anonymous_22)
FNDA:2,(anonymous_23)
FNDA:3,(anonymous_24)
FNDA:5,(anonymous_25)
FNDA:3,(anonymous_26)
FNDA:2,(anonymous_27)
FNDA:1,(anonymous_28)
FNDA:3,(anonymous_29)
FNDA:5,(anonymous_30)
FNDA:0,(anonymous_31)
FNDA:3,(anonymous_32)
FNDA:2,(anonymous_33)
FNDA:2,(anonymous_34)
FNDA:6,(anonymous_35)
FNDA:3,(anonymous_36)
FNDA:3,(anonymous_37)
FNDA:3,(anonymous_38)
FNDA:4,(anonymous_39)
FNDA:4,(anonymous_40)
FNDA:4,(anonymous_41)
FNDA:2,(anonymous_42)
FNDA:0,(anonymous_43)
FNDA:1,(anonymous_44)
FNDA:1,(anonymous_45)
FNDA:0,(anonymous_46)
FNDA:2,(anonymous_47)
FNDA:2,(anonymous_48)
FNDA:3,(anonymous_49)
FNDA:2,(anonymous_50)
FNDA:2,(anonymous_51)
FNDA:2,(anonymous_52)
FNDA:3,(anonymous_53)
FNDA:1,(anonymous_54)
FNDA:2,(anonymous_55)
FNDA:1,(anonymous_56)
FNDA:0,(anonymous_57)
FNDA:3,(anonymous_58)
DA:1,4
DA:2,4
DA:3,4
DA:4,4
DA:5,4
DA:14,117
DA:22,117
DA:30,117
DA:37,117
DA:38,117
DA:39,117
DA:40,117
DA:41,117
DA:42,117
DA:43,117
DA:44,117
DA:47,117
DA:54,117
DA:61,117
DA:69,117
DA:82,4
DA:83,4
DA:84,4
DA:86,3
DA:87,2
DA:96,1
DA:99,1
DA:101,1
DA:106,1
DA:111,1
DA:121,2
DA:122,2
DA:123,2
DA:128,2
DA:130,1
DA:136,1
DA:141,1
DA:151,5
DA:152,5
DA:153,4
DA:155,1
DA:156,1
DA:167,2
DA:168,2
DA:169,2
DA:172,2
DA:173,1
DA:176,1
DA:177,1
DA:179,1
DA:186,1
DA:191,1
DA:196,1
DA:207,4
DA:208,4
DA:209,4
DA:211,4
DA:212,3
DA:215,3
DA:217,3
DA:219,3
DA:223,1
DA:228,1
DA:238,2
DA:239,2
DA:240,2
DA:242,1
DA:244,1
DA:258,7
DA:259,7
DA:261,7
DA:262,42
DA:263,42
DA:266,7
DA:275,4
DA:276,4
DA:278,4
DA:279,32
DA:280,32
DA:283,4
DA:291,11
DA:299,2
DA:300,2
DA:301,1
DA:303,1
DA:304,1
DA:313,3
DA:314,3
DA:315,3
DA:317,2
DA:318,2
DA:319,3
DA:320,3
DA:322,3
DA:323,3
DA:324,3
DA:325,3
DA:326,3
DA:327,3
DA:328,3
DA:329,3
DA:332,3
DA:333,3
DA:334,3
DA:339,0
DA:340,0
DA:346,2
DA:351,2
DA:353,1
DA:357,1
DA:367,3
DA:368,3
DA:369,3
DA:371,2
DA:372,1
DA:375,1
DA:376,3
DA:378,1
DA:382,1
DA:394,6
DA:396,6
DA:397,6
DA:398,1
DA:406,5
DA:410,5
DA:412,2
DA:413,2
DA:415,1
DA:416,1
DA:418,1
DA:419,1
DA:421,1
DA:425,4
DA:426,3
DA:429,4
DA:431,1
DA:436,1
DA:451,4
DA:453,4
DA:454,3
DA:455,1
DA:463,2
DA:471,2
DA:476,2
DA:477,1
DA:482,1
DA:488,1
DA:494,1
DA:501,1
DA:507,1
DA:522,7
DA:524,7
DA:525,1
DA:533,6
DA:534,6
DA:535,1
DA:543,5
DA:544,5
DA:546,5
DA:547,1
DA:548,1
DA:555,4
DA:556,4
DA:559,4
DA:560,1
DA:561,1
DA:562,1
DA:570,3
DA:571,1
DA:572,1
DA:580,2
DA:582,1
DA:583,1
DA:584,1
DA:586,1
DA:594,1
DA:595,1
DA:597,1
DA:599,1
DA:605,0
DA:611,0
DA:626,3
DA:628,3
DA:629,0
DA:637,3
DA:640,3
DA:641,3
DA:643,3
DA:644,1
DA:651,2
DA:654,2
DA:655,2
DA:658,2
DA:659,1
DA:665,1
DA:673,1
DA:674,1
DA:675,1
DA:678,1
DA:680,1
DA:683,2
DA:687,1
DA:691,2
DA:694,0
DA:700,0
DA:717,3
DA:727,2
DA:732,2
DA:735,2
DA:737,2
DA:738,0
DA:741,2
DA:747,2
DA:753,0
DA:758,0
DA:772,3
DA:773,3
DA:774,3
DA:776,3
DA:777,1
DA:783,2
DA:784,2
DA:785,2
DA:790,2
DA:795,0
DA:800,0
DA:815,5
DA:817,5
DA:818,0
DA:825,5
DA:826,5
DA:827,1
DA:834,4
DA:837,4
DA:839,4
DA:840,1
DA:847,3
DA:848,1
DA:849,1
DA:850,1
DA:858,2
DA:859,2
DA:860,2
DA:863,2
DA:864,2
DA:873,2
DA:876,2
DA:878,2
DA:880,1
DA:881,1
DA:888,1
DA:889,1
DA:890,1
DA:893,1
DA:894,1
DA:896,1
DA:904,1
DA:911,0
DA:918,0
DA:932,3
DA:934,3
DA:935,3
DA:936,1
DA:943,2
DA:945,2
DA:946,1
DA:950,1
DA:951,1
DA:952,1
DA:955,1
DA:961,1
DA:963,1
DA:969,0
DA:975,0
DA:989,2
DA:991,2
DA:993,2
DA:994,1
DA:998,1
DA:999,1
DA:1000,1
DA:1003,1
DA:1004,1
DA:1008,1
DA:1012,1
DA:1014,1
DA:1021,1
DA:1023,1
DA:1029,0
DA:1034,0
DA:1047,3
DA:1049,3
DA:1050,3
DA:1051,3
DA:1054,5
DA:1057,3
DA:1061,3
DA:1063,3
DA:1071,3
DA:1072,3
DA:1074,3
DA:1076,3
DA:1082,0
DA:1087,0
DA:1100,3
DA:1101,3
DA:1102,2
DA:1104,1
DA:1105,1
DA:1118,2
DA:1119,2
DA:1120,2
DA:1121,11
DA:1122,10
DA:1125,1
DA:1130,1
DA:1132,1
DA:1133,1
DA:1144,2
DA:1145,2
DA:1146,2
DA:1147,6
DA:1157,2
DA:1159,1
DA:1164,1
DA:1166,1
DA:1170,1
DA:1180,3
DA:1182,3
DA:1183,3
DA:1184,1
DA:1191,2
DA:1194,2
DA:1195,2
DA:1196,1
DA:1200,1
DA:1201,1
DA:1203,1
DA:1204,1
DA:1207,1
DA:1212,1
DA:1214,1
DA:1221,1
DA:1226,1
DA:1239,3
DA:1241,3
DA:1244,3
DA:1245,3
DA:1246,1
DA:1250,2
DA:1251,2
DA:1253,2
DA:1254,1
DA:1257,2
DA:1259,2
DA:1266,1
DA:1271,1
DA:1285,3
DA:1286,3
DA:1287,3
DA:1289,3
DA:1290,1
DA:1298,2
DA:1301,2
DA:1302,4
DA:1303,2
DA:1305,2
DA:1308,2
DA:1313,4
DA:1314,4
DA:1319,0
DA:1324,0
DA:1339,2
DA:1341,2
DA:1342,2
DA:1344,2
DA:1345,1
DA:1352,1
DA:1353,1
DA:1354,1
DA:1356,1
DA:1359,1
DA:1360,1
DA:1361,1
DA:1364,1
DA:1365,0
DA:1368,1
DA:1369,1
DA:1372,1
DA:1379,1
DA:1381,1
DA:1387,0
DA:1392,0
DA:1405,1
DA:1406,1
DA:1407,1
DA:1408,1
DA:1411,1
DA:1412,1
DA:1416,1
DA:1417,0
DA:1422,1
DA:1424,1
DA:1432,1
DA:1433,1
DA:1435,1
DA:1437,1
DA:1443,0
DA:1448,0
DA:1461,2
DA:1462,2
DA:1463,2
DA:1465,0
DA:1466,0
DA:1479,2
DA:1480,2
DA:1482,1
DA:1483,1
DA:1493,3
DA:1494,3
DA:1495,3
DA:1497,2
DA:1498,1
DA:1501,1
DA:1502,1
DA:1504,1
DA:1508,1
DA:1519,2
DA:1520,2
DA:1521,2
DA:1527,2
DA:1529,1
DA:1530,1
DA:1532,1
DA:1536,1
DA:1548,2
DA:1550,2
DA:1557,2
DA:1566,1
DA:1567,1
DA:1569,1
DA:1574,1
DA:1585,2
DA:1587,2
DA:1588,2
DA:1589,1
DA:1590,1
DA:1592,1
DA:1593,1
DA:1601,1
DA:1604,1
DA:1605,1
DA:1606,0
DA:1610,1
DA:1613,1
DA:1614,1
DA:1615,1
DA:1616,1
DA:1619,1
DA:1625,1
DA:1627,1
DA:1634,0
DA:1640,0
DA:1654,3
DA:1656,3
DA:1657,3
DA:1659,3
DA:1660,1
DA:1666,2
DA:1667,2
DA:1668,0
DA:1675,2
DA:1676,2
DA:1677,1
DA:1684,1
DA:1685,1
DA:1686,1
DA:1689,1
DA:1690,1
DA:1691,1
DA:1694,1
DA:1695,1
DA:1696,1
DA:1699,1
DA:1706,1
DA:1708,1
DA:1713,0
DA:1718,0
DA:1731,2
DA:1732,2
DA:1735,2
DA:1738,1
DA:1739,1
DA:1740,1
DA:1743,1
DA:1744,1
DA:1747,1
DA:1749,1
DA:1756,1
DA:1758,1
DA:1763,1
DA:1768,1
DA:1781,3
DA:1782,3
DA:1783,3
DA:1785,3
DA:1786,1
DA:1789,2
DA:1790,2
DA:1792,0
DA:1796,0
DA:1801,4
LF:512
LH:473
BRDA:19,0,0,117
BRDA:19,0,1,117
BRDA:86,1,0,2
BRDA:86,1,1,1
BRDA:153,2,0,4
BRDA:153,2,1,2
BRDA:211,3,0,4
BRDA:211,3,1,0
BRDA:212,4,0,3
BRDA:212,4,1,0
BRDA:215,5,0,3
BRDA:215,5,1,0
BRDA:217,6,0,3
BRDA:217,6,1,0
BRDA:220,7,0,3
BRDA:220,7,1,2
BRDA:257,8,0,1
BRDA:274,9,0,1
BRDA:312,10,0,2
BRDA:314,11,0,1
BRDA:314,11,1,2
BRDA:320,12,0,3
BRDA:320,12,1,0
BRDA:323,13,0,3
BRDA:323,13,1,0
BRDA:326,14,0,3
BRDA:326,14,1,0
BRDA:332,15,0,3
BRDA:332,15,1,0
BRDA:347,16,0,2
BRDA:347,16,1,1
BRDA:371,17,0,1
BRDA:371,17,1,1
BRDA:397,18,0,1
BRDA:397,18,1,5
BRDA:410,19,0,2
BRDA:410,19,1,1
BRDA:410,19,2,1
BRDA:410,19,3,1
BRDA:425,20,0,3
BRDA:425,20,1,1
BRDA:454,21,0,1
BRDA:454,21,1,2
BRDA:476,22,0,1
BRDA:476,22,1,1
BRDA:524,23,0,1
BRDA:524,23,1,6
BRDA:524,24,0,7
BRDA:524,24,1,6
BRDA:534,25,0,1
BRDA:534,25,1,5
BRDA:546,26,0,1
BRDA:546,26,1,4
BRDA:559,27,0,1
BRDA:559,27,1,3
BRDA:570,28,0,1
BRDA:570,28,1,2
BRDA:580,29,0,1
BRDA:580,29,1,1
BRDA:628,30,0,0
BRDA:628,30,1,3
BRDA:628,31,0,3
BRDA:628,31,1,3
BRDA:643,32,0,1
BRDA:643,32,1,2
BRDA:655,33,0,2
BRDA:655,33,1,2
BRDA:658,34,0,1
BRDA:658,34,1,1
BRDA:737,35,0,0
BRDA:737,35,1,2
BRDA:776,36,0,1
BRDA:776,36,1,2
BRDA:814,37,0,4
BRDA:817,38,0,0
BRDA:817,38,1,5
BRDA:817,39,0,5
BRDA:817,39,1,5
BRDA:826,40,0,1
BRDA:826,40,1,4
BRDA:839,41,0,1
BRDA:839,41,1,3
BRDA:839,42,0,4
BRDA:839,42,1,1
BRDA:847,43,0,1
BRDA:847,43,1,2
BRDA:849,44,0,1
BRDA:849,44,1,0
BRDA:878,45,0,1
BRDA:878,45,1,1
BRDA:935,46,0,1
BRDA:935,46,1,2
BRDA:945,47,0,1
BRDA:945,47,1,1
BRDA:950,48,0,1
BRDA:950,48,1,0
BRDA:951,49,0,1
BRDA:951,49,1,0
BRDA:993,50,0,1
BRDA:993,50,1,1
BRDA:999,51,0,1
BRDA:999,51,1,0
BRDA:1000,52,0,1
BRDA:1000,52,1,0
BRDA:1003,53,0,1
BRDA:1003,53,1,0
BRDA:1012,54,0,1
BRDA:1012,54,1,0
BRDA:1050,55,0,3
BRDA:1050,55,1,0
BRDA:1051,56,0,3
BRDA:1051,56,1,0
BRDA:1061,57,0,2
BRDA:1061,57,1,1
BRDA:1183,58,0,1
BRDA:1183,58,1,2
BRDA:1183,59,0,3
BRDA:1183,59,1,1
BRDA:1195,60,0,1
BRDA:1195,60,1,1
BRDA:1201,61,0,1
BRDA:1201,61,1,0
BRDA:1203,62,0,1
BRDA:1203,62,1,0
BRDA:1245,63,0,1
BRDA:1245,63,1,2
BRDA:1253,64,0,1
BRDA:1253,64,1,1
BRDA:1284,65,0,2
BRDA:1289,66,0,1
BRDA:1289,66,1,2
BRDA:1302,67,0,2
BRDA:1302,67,1,2
BRDA:1344,68,0,1
BRDA:1344,68,1,1
BRDA:1360,69,0,1
BRDA:1360,69,1,0
BRDA:1361,70,0,1
BRDA:1361,70,1,0
BRDA:1368,71,0,1
BRDA:1368,71,1,0
BRDA:1407,72,0,1
BRDA:1407,72,1,0
BRDA:1408,73,0,1
BRDA:1408,73,1,0
BRDA:1422,74,0,0
BRDA:1422,74,1,1
BRDA:1497,75,0,1
BRDA:1497,75,1,1
BRDA:1588,76,0,1
BRDA:1588,76,1,1
BRDA:1592,77,0,1
BRDA:1592,77,1,0
BRDA:1605,78,0,0
BRDA:1605,78,1,1
BRDA:1614,79,0,1
BRDA:1614,79,1,0
BRDA:1615,80,0,1
BRDA:1615,80,1,0
BRDA:1659,81,0,1
BRDA:1659,81,1,2
BRDA:1667,82,0,0
BRDA:1667,82,1,2
BRDA:1676,83,0,1
BRDA:1676,83,1,1
BRDA:1690,84,0,1
BRDA:1690,84,1,0
BRDA:1691,85,0,1
BRDA:1691,85,1,0
BRDA:1695,86,0,1
BRDA:1695,86,1,0
BRDA:1739,87,0,1
BRDA:1739,87,1,0
BRDA:1740,88,0,1
BRDA:1740,88,1,0
BRDA:1747,89,0,0
BRDA:1747,89,1,1
BRDA:1785,90,0,1
BRDA:1785,90,1,2
BRF:179
BRH:140
end_of_record
TN:
SF:backend/src/services/storageService.js
FN:11,(anonymous_0)
FN:20,(anonymous_1)
FN:44,(anonymous_2)
FN:93,(anonymous_3)
FN:105,(anonymous_4)
FN:120,(anonymous_5)
FN:158,(anonymous_6)
FN:159,(anonymous_7)
FN:168,(anonymous_8)
FN:217,(anonymous_9)
FN:249,(anonymous_10)
FN:290,(anonymous_11)
FN:320,(anonymous_12)
FN:337,(anonymous_13)
FN:382,(anonymous_14)
FN:416,(anonymous_15)
FN:427,(anonymous_16)
FNF:17
FNH:16
FNDA:30,(anonymous_0)
FNDA:20,(anonymous_1)
FNDA:12,(anonymous_2)
FNDA:6,(anonymous_3)
FNDA:7,(anonymous_4)
FNDA:4,(anonymous_5)
FNDA:3,(anonymous_6)
FNDA:1,(anonymous_7)
FNDA:2,(anonymous_8)
FNDA:3,(anonymous_9)
FNDA:2,(anonymous_10)
FNDA:3,(anonymous_11)
FNDA:2,(anonymous_12)
FNDA:3,(anonymous_13)
FNDA:2,(anonymous_14)
FNDA:1,(anonymous_15)
FNDA:0,(anonymous_16)
DA:1,1
DA:2,1
DA:3,1
DA:4,1
DA:12,30
DA:13,30
DA:14,30
DA:21,20
DA:22,1
DA:25,19
DA:26,19
DA:27,18
DA:29,18
DA:30,18
DA:32,18
DA:33,18
DA:35,1
DA:36,1
DA:37,1
DA:48,12
DA:49,12
DA:79,12
DA:80,3
DA:83,9
DA:84,1
DA:87,8
DA:95,6
DA:96,1
DA:97,1
DA:99,5
DA:106,7
DA:107,7
DA:108,7
DA:109,7
DA:113,7
DA:114,7
DA:121,4
DA:122,4
DA:131,4
DA:134,4
DA:135,3
DA:138,3
DA:139,3
DA:142,3
DA:145,3
DA:158,3
DA:159,3
DA:160,1
DA:165,1
DA:168,3
DA:169,2
DA:171,2
DA:172,1
DA:176,2
DA:180,2
DA:190,2
DA:197,2
DA:199,0
DA:200,0
DA:205,3
DA:208,1
DA:209,1
DA:210,1
DA:219,3
DA:220,3
DA:221,3
DA:224,3
DA:225,3
DA:226,1
DA:230,2
DA:235,2
DA:237,1
DA:238,1
DA:242,1
DA:250,2
DA:251,2
DA:252,2
DA:255,2
DA:256,2
DA:257,1
DA:261,1
DA:264,1
DA:266,1
DA:268,1
DA:278,1
DA:279,1
DA:283,1
DA:291,3
DA:292,3
DA:293,3
DA:296,3
DA:297,3
DA:298,1
DA:299,1
DA:303,2
DA:305,1
DA:306,1
DA:308,1
DA:309,1
DA:313,1
DA:321,2
DA:322,2
DA:328,2
DA:330,2
DA:336,2
DA:338,3
DA:344,3
DA:345,1
DA:346,1
DA:347,1
DA:355,0
DA:356,0
DA:360,2
DA:364,2
DA:370,0
DA:371,0
DA:375,0
DA:383,2
DA:384,2
DA:385,2
DA:387,2
DA:388,2
DA:389,1
DA:392,1
DA:394,1
DA:404,1
DA:405,1
DA:409,1
DA:420,1
DA:422,1
DA:428,0
DA:429,0
DA:430,0
DA:432,0
DA:440,1
DA:442,1
LF:136
LH:125
BRDA:21,0,0,1
BRDA:21,0,1,19
BRDA:27,1,0,18
BRDA:27,1,1,0
BRDA:35,2,0,1
BRDA:35,2,1,0
BRDA:46,3,0,6
BRDA:79,4,0,3
BRDA:79,4,1,9
BRDA:83,5,0,1
BRDA:83,5,1,8
BRDA:83,6,0,9
BRDA:83,6,1,1
BRDA:93,7,0,2
BRDA:95,8,0,1
BRDA:95,8,1,5
BRDA:105,9,0,1
BRDA:105,10,0,2
BRDA:120,11,0,2
BRDA:125,12,0,3
BRDA:126,13,0,3
BRDA:127,14,0,3
BRDA:128,15,0,4
BRDA:129,16,0,4
BRDA:130,17,0,3
BRDA:139,18,0,3
BRDA:139,18,1,0
BRDA:171,19,0,1
BRDA:171,19,1,1
BRDA:176,20,0,1
BRDA:176,20,1,1
BRDA:208,21,0,1
BRDA:208,21,1,0
BRDA:217,22,0,2
BRDA:225,23,0,1
BRDA:225,23,1,2
BRDA:237,24,0,1
BRDA:237,24,1,0
BRDA:256,25,0,1
BRDA:256,25,1,1
BRDA:278,26,0,1
BRDA:278,26,1,0
BRDA:297,27,0,1
BRDA:297,27,1,2
BRDA:308,28,0,1
BRDA:308,28,1,0
BRDA:320,29,0,0
BRDA:320,30,0,1
BRDA:325,31,0,2
BRDA:326,32,0,2
BRDA:327,33,0,1
BRDA:344,34,0,1
BRDA:344,34,1,2
BRDA:366,35,0,2
BRDA:366,35,1,2
BRDA:370,36,0,0
BRDA:370,36,1,0
BRDA:388,37,0,1
BRDA:388,37,1,1
BRDA:401,38,0,1
BRDA:401,38,1,0
BRDA:404,39,0,1
BRDA:404,39,1,0
BRDA:416,40,0,0
BRDA:418,41,0,0
BRDA:419,42,0,0
BRF:66
BRH:51
end_of_record
TN:
SF:backend/src/test/testApp.js
FN:7,(anonymous_0)
FN:17,(anonymous_1)
FN:35,(anonymous_2)
FN:40,(anonymous_3)
FN:54,createTestApp
FN:77,(anonymous_5)
FN:93,(anonymous_6)
FN:108,(anonymous_7)
FN:126,(anonymous_8)
FN:139,(anonymous_9)
FN:143,(anonymous_10)
FN:159,clearCollections
FN:164,(anonymous_12)
FN:174,setupTestApp
FN:204,teardownTestApp
FNF:15
FNH:13
FNDA:1,(anonymous_0)
FNDA:1,(anonymous_1)
FNDA:38,(anonymous_2)
FNDA:33,(anonymous_3)
FNDA:5,createTestApp
FNDA:19,(anonymous_5)
FNDA:1,(anonymous_6)
FNDA:2,(anonymous_7)
FNDA:5,(anonymous_8)
FNDA:0,(anonymous_9)
FNDA:0,(anonymous_10)
FNDA:4,clearCollections
FNDA:4,(anonymous_12)
FNDA:2,setupTestApp
FNDA:2,teardownTestApp
DA:1,3
DA:2,3
DA:3,3
DA:4,3
DA:7,3
DA:8,1
DA:17,3
DA:18,1
DA:32,3
DA:35,3
DA:36,38
DA:40,3
DA:42,33
DA:43,33
DA:45,22
DA:51,33
DA:55,5
DA:58,5
DA:61,5
DA:62,5
DA:65,5
DA:68,5
DA:71,5
DA:74,5
DA:78,19
DA:82,5
DA:90,5
DA:93,5
DA:94,1
DA:108,5
DA:109,2
DA:123,5
DA:126,5
DA:127,5
DA:139,5
DA:140,0
DA:143,5
DA:144,0
DA:148,5
DA:151,5
DA:153,5
DA:160,4
DA:161,4
DA:163,4
DA:165,4
DA:166,4
DA:175,2
DA:177,2
DA:178,2
DA:181,2
DA:182,1
DA:189,2
DA:190,2
DA:194,2
DA:196,0
DA:197,0
DA:205,2
DA:207,2
DA:208,2
DA:212,2
DA:213,2
DA:216,0
DA:217,0
DA:221,3
DA:222,3
DA:223,3
LF:66
LH:60
BRDA:8,0,0,1
BRDA:8,0,1,0
BRDA:11,1,0,1
BRDA:11,1,1,0
BRDA:12,2,0,1
BRDA:12,2,1,1
BRDA:43,3,0,22
BRDA:43,3,1,11
BRDA:178,4,0,2
BRDA:178,4,1,0
BRDA:181,5,0,1
BRDA:181,5,1,1
BRDA:189,6,0,2
BRDA:189,6,1,0
BRDA:207,7,0,2
BRDA:207,7,1,0
BRDA:212,8,0,2
BRDA:212,8,1,0
BRF:18
BRH:12
end_of_record
