TN:
SF:backend/src/config/database.js
FN:10,(anonymous_0)
FN:14,(anonymous_1)
FN:36,(anonymous_2)
FN:41,(anonymous_3)
FN:51,(anonymous_4)
FN:62,(anonymous_5)
FN:74,(anonymous_6)
FN:79,(anonymous_7)
FN:117,(anonymous_8)
FN:131,(anonymous_9)
FN:138,(anonymous_10)
FN:148,(anonymous_11)
FN:171,initializeDatabases
FN:188,closeDatabases
FNF:14
FNH:2
FNDA:1,(anonymous_0)
FNDA:0,(anonymous_1)
FNDA:0,(anonymous_2)
FNDA:0,(anonymous_3)
FNDA:0,(anonymous_4)
FNDA:0,(anonymous_5)
FNDA:1,(anonymous_6)
FNDA:0,(anonymous_7)
FNDA:0,(anonymous_8)
FNDA:0,(anonymous_9)
FNDA:0,(anonymous_10)
FNDA:0,(anonymous_11)
FNDA:0,initializeDatabases
FNDA:0,closeDatabases
DA:2,1
DA:3,1
DA:4,1
DA:11,1
DA:15,0
DA:16,0
DA:17,0
DA:18,0
DA:21,0
DA:31,0
DA:32,0
DA:33,0
DA:36,0
DA:37,0
DA:38,0
DA:41,0
DA:42,0
DA:43,0
DA:46,0
DA:47,0
DA:52,0
DA:53,0
DA:54,0
DA:55,0
DA:57,0
DA:58,0
DA:63,0
DA:64,0
DA:66,0
DA:75,1
DA:76,1
DA:80,0
DA:81,0
DA:82,0
DA:83,0
DA:86,0
DA:102,0
DA:105,0
DA:106,0
DA:107,0
DA:109,0
DA:110,0
DA:112,0
DA:113,0
DA:118,0
DA:119,0
DA:120,0
DA:121,0
DA:122,0
DA:123,0
DA:126,0
DA:127,0
DA:132,0
DA:133,0
DA:135,0
DA:139,0
DA:140,0
DA:141,0
DA:143,0
DA:144,0
DA:149,0
DA:150,0
DA:151,0
DA:152,0
DA:153,0
DA:154,0
DA:156,0
DA:157,0
DA:159,0
DA:165,1
DA:166,1
DA:172,0
DA:173,0
DA:175,0
DA:176,0
DA:178,0
DA:180,0
DA:181,0
DA:189,0
DA:190,0
DA:192,0
DA:193,0
DA:195,0
DA:197,0
DA:198,0
DA:202,1
LF:86
LH:9
BRDA:16,0,0,0
BRDA:16,0,1,0
BRDA:63,1,0,0
BRDA:63,1,1,0
BRDA:81,2,0,0
BRDA:81,2,1,0
BRDA:81,3,0,0
BRDA:81,3,1,0
BRDA:87,4,0,0
BRDA:87,4,1,0
BRDA:88,5,0,0
BRDA:88,5,1,0
BRDA:89,6,0,0
BRDA:89,6,1,0
BRDA:90,7,0,0
BRDA:90,7,1,0
BRDA:91,8,0,0
BRDA:91,8,1,0
BRDA:119,9,0,0
BRDA:119,9,1,0
BRDA:132,10,0,0
BRDA:132,10,1,0
BRDA:138,11,0,0
BRF:23
BRH:0
end_of_record
TN:
SF:backend/src/config/index.js
FN:13,(anonymous_0)
FN:20,(anonymous_1)
FN:66,(anonymous_2)
FN:92,(anonymous_3)
FN:104,(anonymous_4)
FNF:5
FNH:1
FNDA:1,(anonymous_0)
FNDA:0,(anonymous_1)
FNDA:0,(anonymous_2)
FNDA:0,(anonymous_3)
FNDA:0,(anonymous_4)
DA:6,1
DA:7,1
DA:14,1
DA:21,0
DA:22,0
DA:23,0
DA:24,0
DA:27,0
DA:30,0
DA:32,0
DA:33,0
DA:35,0
DA:37,0
DA:40,0
DA:42,0
DA:47,0
DA:48,0
DA:50,0
DA:55,0
DA:56,0
DA:58,0
DA:59,0
DA:67,0
DA:68,0
DA:69,0
DA:70,0
DA:73,0
DA:76,0
DA:79,0
DA:81,0
DA:82,0
DA:84,0
DA:85,0
DA:93,0
DA:105,0
DA:107,0
DA:109,0
DA:110,0
DA:114,0
DA:115,0
DA:116,0
DA:120,0
DA:121,0
DA:122,0
DA:124,0
DA:128,0
DA:135,0
DA:136,0
DA:148,1
DA:151,1
LF:50
LH:5
BRDA:22,0,0,0
BRDA:22,0,1,0
BRDA:30,1,0,0
BRDA:30,1,1,0
BRDA:32,2,0,0
BRDA:32,2,1,0
BRDA:47,3,0,0
BRDA:47,3,1,0
BRDA:68,4,0,0
BRDA:68,4,1,0
BRDA:109,5,0,0
BRDA:109,5,1,0
BRDA:114,6,0,0
BRDA:114,6,1,0
BRDA:120,7,0,0
BRDA:120,7,1,0
BRF:16
BRH:0
end_of_record
TN:
SF:backend/src/services/googleAIService.js
FN:6,(anonymous_0)
FN:27,(anonymous_1)
FN:50,(anonymous_2)
FN:60,(anonymous_3)
FN:61,(anonymous_4)
FN:114,(anonymous_5)
FN:162,(anonymous_6)
FN:181,(anonymous_7)
FN:200,(anonymous_8)
FN:242,(anonymous_9)
FN:289,(anonymous_10)
FN:325,(anonymous_11)
FN:347,(anonymous_12)
FN:371,(anonymous_13)
FN:399,(anonymous_14)
FN:419,(anonymous_15)
FNF:16
FNH:16
FNDA:43,(anonymous_0)
FNDA:43,(anonymous_1)
FNDA:3,(anonymous_2)
FNDA:42,(anonymous_3)
FNDA:92,(anonymous_4)
FNDA:31,(anonymous_5)
FNDA:31,(anonymous_6)
FNDA:3,(anonymous_7)
FNDA:29,(anonymous_8)
FNDA:14,(anonymous_9)
FNDA:2,(anonymous_10)
FNDA:5,(anonymous_11)
FNDA:2,(anonymous_12)
FNDA:1,(anonymous_13)
FNDA:3,(anonymous_14)
FNDA:1,(anonymous_15)
DA:1,1
DA:2,1
DA:3,1
DA:8,43
DA:9,43
DA:10,1
DA:14,42
DA:15,42
DA:16,42
DA:19,42
DA:21,42
DA:28,43
DA:29,40
DA:30,40
DA:34,3
DA:37,3
DA:38,1
DA:42,3
DA:43,3
DA:44,2
DA:45,2
DA:49,3
DA:50,3
DA:51,1
DA:54,3
DA:61,42
DA:62,92
DA:63,92
DA:64,92
DA:78,92
DA:79,92
DA:93,0
DA:94,0
DA:115,31
DA:118,31
DA:119,84
DA:120,84
DA:121,73
DA:125,31
DA:127,2
DA:130,2
DA:131,4
DA:132,4
DA:133,0
DA:139,31
DA:140,2
DA:141,4
DA:142,4
DA:143,1
DA:148,31
DA:149,1
DA:153,30
DA:154,30
DA:156,30
DA:164,31
DA:165,31
DA:167,31
DA:168,77
DA:169,77
DA:170,12
DA:171,12
DA:175,31
DA:182,3
DA:183,3
DA:185,3
DA:186,7
DA:187,1
DA:188,1
DA:189,1
DA:190,1
DA:191,1
DA:201,29
DA:202,29
DA:204,29
DA:205,29
DA:208,29
DA:209,29
DA:210,0
DA:211,0
DA:213,29
DA:215,29
DA:216,5
DA:217,5
DA:218,5
DA:219,5
DA:220,1
DA:221,1
DA:224,24
DA:225,24
DA:226,24
DA:229,24
DA:230,3
DA:231,3
DA:232,21
DA:233,2
DA:234,2
DA:243,14
DA:244,14
DA:246,14
DA:247,29
DA:248,29
DA:249,29
DA:251,29
DA:253,29
DA:254,5
DA:255,5
DA:258,5
DA:260,5
DA:262,24
DA:263,24
DA:266,24
DA:268,24
DA:273,24
DA:274,15
DA:280,9
DA:281,9
DA:290,2
DA:291,2
DA:292,2
DA:295,2
DA:297,1
DA:298,1
DA:299,1
DA:300,1
DA:314,1
DA:315,1
DA:317,1
DA:318,1
DA:326,5
DA:327,2
DA:330,3
DA:331,1
DA:334,2
DA:335,2
DA:336,2
DA:339,2
DA:341,2
DA:348,2
DA:349,2
DA:352,2
DA:354,4
DA:355,4
DA:356,4
DA:357,4
DA:358,4
DA:363,2
DA:364,2
DA:365,2
DA:372,1
DA:373,1
DA:374,2
DA:375,2
DA:376,2
DA:393,1
DA:400,3
DA:401,1
DA:404,2
DA:405,2
DA:406,1
DA:409,1
DA:410,1
DA:411,1
DA:412,1
DA:420,1
DA:421,2
DA:422,2
DA:423,2
DA:424,2
DA:425,2
DA:426,2
DA:427,2
DA:429,1
DA:433,1
LF:173
LH:168
BRDA:6,0,0,1
BRDA:9,1,0,1
BRDA:9,1,1,42
BRDA:9,2,0,43
BRDA:9,2,1,43
BRDA:28,3,0,40
BRDA:28,3,1,3
BRDA:29,4,0,39
BRDA:29,4,1,1
BRDA:37,5,0,1
BRDA:37,5,1,2
BRDA:49,6,0,1
BRDA:49,6,1,2
BRDA:120,7,0,73
BRDA:120,7,1,11
BRDA:120,8,0,84
BRDA:120,8,1,84
BRDA:125,9,0,2
BRDA:125,9,1,29
BRDA:132,10,0,0
BRDA:132,10,1,4
BRDA:132,11,0,4
BRDA:132,11,1,4
BRDA:139,12,0,2
BRDA:139,12,1,29
BRDA:142,13,0,1
BRDA:142,13,1,3
BRDA:142,14,0,4
BRDA:142,14,1,4
BRDA:148,15,0,1
BRDA:148,15,1,30
BRDA:169,16,0,12
BRDA:169,16,1,65
BRDA:186,17,0,1
BRDA:186,17,1,6
BRDA:186,18,0,7
BRDA:186,18,1,2
BRDA:187,19,0,1
BRDA:187,19,1,0
BRDA:200,20,0,5
BRDA:202,21,0,0
BRDA:202,21,1,29
BRDA:209,22,0,0
BRDA:209,22,1,29
BRDA:215,23,0,5
BRDA:215,23,1,24
BRDA:219,24,0,1
BRDA:219,24,1,4
BRDA:219,25,0,5
BRDA:219,25,1,4
BRDA:229,26,0,3
BRDA:229,26,1,21
BRDA:232,27,0,2
BRDA:232,27,1,19
BRDA:232,28,0,21
BRDA:232,28,1,21
BRDA:242,29,0,13
BRDA:243,30,0,14
BRDA:243,30,1,13
BRDA:263,31,0,24
BRDA:263,31,1,0
BRDA:273,32,0,15
BRDA:273,32,1,9
BRDA:326,33,0,2
BRDA:326,33,1,3
BRDA:326,34,0,5
BRDA:326,34,1,4
BRDA:330,35,0,1
BRDA:330,35,1,2
BRDA:355,36,0,4
BRDA:355,36,1,0
BRDA:355,37,0,4
BRDA:355,37,1,4
BRDA:375,38,0,2
BRDA:375,38,1,0
BRDA:383,39,0,1
BRDA:383,39,1,1
BRDA:400,40,0,1
BRDA:400,40,1,2
BRDA:400,41,0,3
BRDA:400,41,1,2
BRDA:405,42,0,1
BRDA:405,42,1,1
BRDA:410,43,0,1
BRDA:410,43,1,0
BRF:85
BRH:77
end_of_record
